{"/home/diego/Documentos/projects/obsidian-sql/src/__mocks__/obsidian.ts": {"path":"/home/diego/Documentos/projects/obsidian-sql/src/__mocks__/obsidian.ts","statementMap":{"0":{"start":{"line":8,"column":24},"end":{"line":8,"column":null}},"1":{"start":{"line":8,"column":37},"end":{"line":8,"column":null}},"2":{"start":{"line":9,"column":23},"end":{"line":9,"column":null}},"3":{"start":{"line":11,"column":16},"end":{"line":11,"column":29}}},"fnMap":{"0":{"name":"(anonymous_0)","decl":{"start":{"line":4,"column":4},"end":{"line":4,"column":9}},"loc":{"start":{"line":4,"column":9},"end":{"line":4,"column":null}},"line":4},"1":{"name":"(anonymous_1)","decl":{"start":{"line":5,"column":4},"end":{"line":5,"column":10}},"loc":{"start":{"line":5,"column":10},"end":{"line":5,"column":null}},"line":5},"2":{"name":"(anonymous_2)","decl":{"start":{"line":6,"column":4},"end":{"line":6,"column":14}},"loc":{"start":{"line":6,"column":14},"end":{"line":6,"column":null}},"line":6},"3":{"name":"(anonymous_3)","decl":{"start":{"line":8,"column":24},"end":{"line":8,"column":25}},"loc":{"start":{"line":8,"column":37},"end":{"line":8,"column":null}},"line":8},"4":{"name":"(anonymous_4)","decl":{"start":{"line":9,"column":23},"end":{"line":9,"column":29}},"loc":{"start":{"line":9,"column":29},"end":{"line":9,"column":null}},"line":9},"5":{"name":"(anonymous_5)","decl":{"start":{"line":11,"column":4},"end":{"line":11,"column":14}},"loc":{"start":{"line":11,"column":14},"end":{"line":11,"column":null}},"line":11},"6":{"name":"(anonymous_6)","decl":{"start":{"line":12,"column":4},"end":{"line":12,"column":23}},"loc":{"start":{"line":12,"column":23},"end":{"line":12,"column":null}},"line":12},"7":{"name":"(anonymous_7)","decl":{"start":{"line":15,"column":4},"end":{"line":15,"column":11}},"loc":{"start":{"line":15,"column":11},"end":{"line":15,"column":null}},"line":15},"8":{"name":"(anonymous_8)","decl":{"start":{"line":16,"column":4},"end":{"line":16,"column":13}},"loc":{"start":{"line":16,"column":13},"end":{"line":16,"column":null}},"line":16},"9":{"name":"(anonymous_9)","decl":{"start":{"line":17,"column":4},"end":{"line":17,"column":15}},"loc":{"start":{"line":17,"column":15},"end":{"line":17,"column":null}},"line":17},"10":{"name":"(anonymous_10)","decl":{"start":{"line":20,"column":4},"end":{"line":20,"column":11}},"loc":{"start":{"line":20,"column":11},"end":{"line":20,"column":null}},"line":20},"11":{"name":"(anonymous_11)","decl":{"start":{"line":21,"column":4},"end":{"line":21,"column":12}},"loc":{"start":{"line":21,"column":12},"end":{"line":21,"column":null}},"line":21}},"branchMap":{},"s":{"0":2,"1":0,"2":2,"3":0},"f":{"0":0,"1":0,"2":2,"3":0,"4":0,"5":0,"6":0,"7":0,"8":0,"9":0,"10":0,"11":0},"b":{},"meta":{"lastBranch":0,"lastFunction":12,"lastStatement":4,"seen":{"f:4:4:4:9":0,"f:5:4:5:10":1,"f:6:4:6:14":2,"s:8:24:8:Infinity":0,"f:8:24:8:25":3,"s:8:37:8:Infinity":1,"s:9:23:9:Infinity":2,"f:9:23:9:29":4,"f:11:4:11:14":5,"s:11:16:11:29":3,"f:12:4:12:23":6,"f:15:4:15:11":7,"f:16:4:16:13":8,"f:17:4:17:15":9,"f:20:4:20:11":10,"f:21:4:21:12":11}}}
,"/home/diego/Documentos/projects/obsidian-sql/src/core/DatabaseEventBus.ts": {"path":"/home/diego/Documentos/projects/obsidian-sql/src/core/DatabaseEventBus.ts","statementMap":{"0":{"start":{"line":20,"column":4},"end":{"line":20,"column":null}},"1":{"start":{"line":23,"column":8},"end":{"line":23,"column":null}},"2":{"start":{"line":30,"column":8},"end":{"line":32,"column":null}},"3":{"start":{"line":31,"column":12},"end":{"line":31,"column":null}},"4":{"start":{"line":33,"column":8},"end":{"line":33,"column":null}},"5":{"start":{"line":41,"column":8},"end":{"line":41,"column":null}},"6":{"start":{"line":49,"column":8},"end":{"line":49,"column":null}}},"fnMap":{"0":{"name":"(anonymous_0)","decl":{"start":{"line":22,"column":12},"end":{"line":22,"column":26}},"loc":{"start":{"line":22,"column":26},"end":{"line":24,"column":null}},"line":22},"1":{"name":"(anonymous_1)","decl":{"start":{"line":29,"column":18},"end":{"line":29,"column":50}},"loc":{"start":{"line":29,"column":50},"end":{"line":34,"column":null}},"line":29},"2":{"name":"(anonymous_2)","decl":{"start":{"line":40,"column":11},"end":{"line":40,"column":32}},"loc":{"start":{"line":40,"column":66},"end":{"line":42,"column":null}},"line":40},"3":{"name":"(anonymous_3)","decl":{"start":{"line":48,"column":11},"end":{"line":48,"column":30}},"loc":{"start":{"line":48,"column":84},"end":{"line":50,"column":null}},"line":48}},"branchMap":{"0":{"loc":{"start":{"line":30,"column":8},"end":{"line":32,"column":null}},"type":"if","locations":[{"start":{"line":30,"column":8},"end":{"line":32,"column":null}},{"start":{},"end":{}}],"line":30}},"s":{"0":2,"1":2,"2":2,"3":2,"4":2,"5":2,"6":0},"f":{"0":2,"1":2,"2":2,"3":0},"b":{"0":[2,0]},"meta":{"lastBranch":1,"lastFunction":4,"lastStatement":7,"seen":{"s:20:4:20:Infinity":0,"f:22:12:22:26":0,"s:23:8:23:Infinity":1,"f:29:18:29:50":1,"b:30:8:32:Infinity:undefined:undefined:undefined:undefined":0,"s:30:8:32:Infinity":2,"s:31:12:31:Infinity":3,"s:33:8:33:Infinity":4,"f:40:11:40:32":2,"s:41:8:41:Infinity":5,"f:48:11:48:30":3,"s:49:8:49:Infinity":6}}}
,"/home/diego/Documentos/projects/obsidian-sql/src/core/DatabaseManager.ts": {"path":"/home/diego/Documentos/projects/obsidian-sql/src/core/DatabaseManager.ts","statementMap":{"0":{"start":{"line":12,"column":24},"end":{"line":12,"column":46}},"1":{"start":{"line":9,"column":4},"end":{"line":9,"column":null}},"2":{"start":{"line":10,"column":4},"end":{"line":10,"column":null}},"3":{"start":{"line":15,"column":8},"end":{"line":18,"column":null}},"4":{"start":{"line":16,"column":12},"end":{"line":16,"column":null}},"5":{"start":{"line":17,"column":12},"end":{"line":17,"column":null}},"6":{"start":{"line":20,"column":8},"end":{"line":20,"column":null}},"7":{"start":{"line":21,"column":8},"end":{"line":21,"column":null}},"8":{"start":{"line":23,"column":8},"end":{"line":56,"column":null}},"9":{"start":{"line":24,"column":29},"end":{"line":24,"column":null}},"10":{"start":{"line":25,"column":33},"end":{"line":25,"column":null}},"11":{"start":{"line":27,"column":12},"end":{"line":37,"column":null}},"12":{"start":{"line":28,"column":35},"end":{"line":28,"column":null}},"13":{"start":{"line":29,"column":16},"end":{"line":29,"column":null}},"14":{"start":{"line":31,"column":16},"end":{"line":36,"column":null}},"15":{"start":{"line":39,"column":29},"end":{"line":39,"column":null}},"16":{"start":{"line":40,"column":12},"end":{"line":40,"column":null}},"17":{"start":{"line":42,"column":30},"end":{"line":42,"column":null}},"18":{"start":{"line":43,"column":12},"end":{"line":43,"column":null}},"19":{"start":{"line":45,"column":12},"end":{"line":45,"column":null}},"20":{"start":{"line":48,"column":12},"end":{"line":48,"column":null}},"21":{"start":{"line":49,"column":12},"end":{"line":49,"column":null}},"22":{"start":{"line":51,"column":12},"end":{"line":51,"column":null}},"23":{"start":{"line":53,"column":12},"end":{"line":55,"column":null}},"24":{"start":{"line":54,"column":16},"end":{"line":54,"column":null}},"25":{"start":{"line":60,"column":31},"end":{"line":60,"column":null}},"26":{"start":{"line":62,"column":26},"end":{"line":62,"column":null}},"27":{"start":{"line":62,"column":68},"end":{"line":62,"column":82}},"28":{"start":{"line":63,"column":43},"end":{"line":68,"column":null}},"29":{"start":{"line":70,"column":8},"end":{"line":146,"column":null}},"30":{"start":{"line":71,"column":12},"end":{"line":145,"column":null}},"31":{"start":{"line":73,"column":35},"end":{"line":73,"column":null}},"32":{"start":{"line":74,"column":16},"end":{"line":74,"column":null}},"33":{"start":{"line":74,"column":33},"end":{"line":74,"column":null}},"34":{"start":{"line":76,"column":54},"end":{"line":76,"column":null}},"35":{"start":{"line":77,"column":57},"end":{"line":77,"column":null}},"36":{"start":{"line":79,"column":16},"end":{"line":135,"column":null}},"37":{"start":{"line":80,"column":20},"end":{"line":134,"column":null}},"38":{"start":{"line":81,"column":41},"end":{"line":81,"column":null}},"39":{"start":{"line":82,"column":37},"end":{"line":82,"column":null}},"40":{"start":{"line":84,"column":38},"end":{"line":84,"column":null}},"41":{"start":{"line":87,"column":24},"end":{"line":92,"column":null}},"42":{"start":{"line":88,"column":28},"end":{"line":88,"column":null}},"43":{"start":{"line":89,"column":28},"end":{"line":89,"column":null}},"44":{"start":{"line":91,"column":28},"end":{"line":91,"column":null}},"45":{"start":{"line":95,"column":24},"end":{"line":133,"column":null}},"46":{"start":{"line":96,"column":34},"end":{"line":96,"column":null}},"47":{"start":{"line":97,"column":28},"end":{"line":99,"column":null}},"48":{"start":{"line":98,"column":32},"end":{"line":98,"column":null}},"49":{"start":{"line":102,"column":28},"end":{"line":130,"column":null}},"50":{"start":{"line":103,"column":48},"end":{"line":108,"column":null}},"51":{"start":{"line":104,"column":46},"end":{"line":104,"column":null}},"52":{"start":{"line":105,"column":36},"end":{"line":105,"column":null}},"53":{"start":{"line":105,"column":54},"end":{"line":105,"column":null}},"54":{"start":{"line":106,"column":36},"end":{"line":106,"column":null}},"55":{"start":{"line":106,"column":91},"end":{"line":106,"column":null}},"56":{"start":{"line":107,"column":36},"end":{"line":107,"column":null}},"57":{"start":{"line":109,"column":32},"end":{"line":109,"column":null}},"58":{"start":{"line":110,"column":28},"end":{"line":130,"column":null}},"59":{"start":{"line":112,"column":49},"end":{"line":112,"column":null}},"60":{"start":{"line":113,"column":48},"end":{"line":123,"column":null}},"61":{"start":{"line":114,"column":50},"end":{"line":114,"column":null}},"62":{"start":{"line":115,"column":47},"end":{"line":115,"column":null}},"63":{"start":{"line":117,"column":36},"end":{"line":120,"column":null}},"64":{"start":{"line":117,"column":79},"end":{"line":117,"column":null}},"65":{"start":{"line":117,"column":86},"end":{"line":120,"column":null}},"66":{"start":{"line":118,"column":72},"end":{"line":118,"column":null}},"67":{"start":{"line":118,"column":113},"end":{"line":120,"column":null}},"68":{"start":{"line":119,"column":73},"end":{"line":119,"column":null}},"69":{"start":{"line":119,"column":80},"end":{"line":120,"column":null}},"70":{"start":{"line":120,"column":68},"end":{"line":120,"column":null}},"71":{"start":{"line":122,"column":36},"end":{"line":122,"column":null}},"72":{"start":{"line":125,"column":50},"end":{"line":125,"column":null}},"73":{"start":{"line":126,"column":32},"end":{"line":126,"column":null}},"74":{"start":{"line":129,"column":32},"end":{"line":129,"column":null}},"75":{"start":{"line":132,"column":28},"end":{"line":132,"column":null}},"76":{"start":{"line":137,"column":16},"end":{"line":141,"column":null}},"77":{"start":{"line":144,"column":16},"end":{"line":144,"column":null}},"78":{"start":{"line":150,"column":8},"end":{"line":150,"column":null}},"79":{"start":{"line":154,"column":21},"end":{"line":154,"column":null}},"80":{"start":{"line":156,"column":8},"end":{"line":158,"column":null}},"81":{"start":{"line":157,"column":12},"end":{"line":157,"column":null}},"82":{"start":{"line":160,"column":8},"end":{"line":246,"column":null}},"83":{"start":{"line":161,"column":29},"end":{"line":161,"column":null}},"84":{"start":{"line":162,"column":38},"end":{"line":162,"column":null}},"85":{"start":{"line":164,"column":12},"end":{"line":224,"column":null}},"86":{"start":{"line":165,"column":16},"end":{"line":165,"column":null}},"87":{"start":{"line":165,"column":41},"end":{"line":165,"column":null}},"88":{"start":{"line":167,"column":27},"end":{"line":167,"column":null}},"89":{"start":{"line":169,"column":16},"end":{"line":169,"column":null}},"90":{"start":{"line":169,"column":46},"end":{"line":169,"column":null}},"91":{"start":{"line":171,"column":16},"end":{"line":173,"column":null}},"92":{"start":{"line":172,"column":20},"end":{"line":172,"column":null}},"93":{"start":{"line":176,"column":16},"end":{"line":176,"column":null}},"94":{"start":{"line":178,"column":16},"end":{"line":197,"column":null}},"95":{"start":{"line":179,"column":20},"end":{"line":196,"column":null}},"96":{"start":{"line":180,"column":24},"end":{"line":195,"column":null}},"97":{"start":{"line":181,"column":28},"end":{"line":181,"column":null}},"98":{"start":{"line":183,"column":44},"end":{"line":183,"column":null}},"99":{"start":{"line":184,"column":28},"end":{"line":189,"column":null}},"100":{"start":{"line":186,"column":32},"end":{"line":188,"column":null}},"101":{"start":{"line":187,"column":36},"end":{"line":187,"column":null}},"102":{"start":{"line":190,"column":28},"end":{"line":190,"column":null}},"103":{"start":{"line":191,"column":28},"end":{"line":191,"column":null}},"104":{"start":{"line":192,"column":28},"end":{"line":192,"column":null}},"105":{"start":{"line":194,"column":28},"end":{"line":194,"column":null}},"106":{"start":{"line":199,"column":16},"end":{"line":223,"column":null}},"107":{"start":{"line":200,"column":20},"end":{"line":222,"column":null}},"108":{"start":{"line":201,"column":24},"end":{"line":201,"column":null}},"109":{"start":{"line":201,"column":67},"end":{"line":201,"column":null}},"110":{"start":{"line":202,"column":24},"end":{"line":221,"column":null}},"111":{"start":{"line":203,"column":43},"end":{"line":203,"column":null}},"112":{"start":{"line":204,"column":28},"end":{"line":218,"column":null}},"113":{"start":{"line":206,"column":32},"end":{"line":217,"column":null}},"114":{"start":{"line":208,"column":54},"end":{"line":208,"column":null}},"115":{"start":{"line":209,"column":36},"end":{"line":216,"column":null}},"116":{"start":{"line":211,"column":40},"end":{"line":211,"column":null}},"117":{"start":{"line":215,"column":40},"end":{"line":215,"column":null}},"118":{"start":{"line":220,"column":28},"end":{"line":220,"column":null}},"119":{"start":{"line":227,"column":12},"end":{"line":227,"column":null}},"120":{"start":{"line":238,"column":12},"end":{"line":240,"column":null}},"121":{"start":{"line":239,"column":16},"end":{"line":239,"column":null}},"122":{"start":{"line":244,"column":12},"end":{"line":244,"column":null}},"123":{"start":{"line":245,"column":12},"end":{"line":245,"column":null}},"124":{"start":{"line":251,"column":8},"end":{"line":255,"column":null}},"125":{"start":{"line":252,"column":12},"end":{"line":252,"column":null}},"126":{"start":{"line":254,"column":12},"end":{"line":254,"column":null}},"127":{"start":{"line":257,"column":20},"end":{"line":257,"column":null}},"128":{"start":{"line":257,"column":62},"end":{"line":257,"column":76}},"129":{"start":{"line":258,"column":8},"end":{"line":258,"column":null}},"130":{"start":{"line":260,"column":8},"end":{"line":268,"column":null}},"131":{"start":{"line":261,"column":12},"end":{"line":267,"column":null}},"132":{"start":{"line":263,"column":16},"end":{"line":263,"column":null}},"133":{"start":{"line":264,"column":16},"end":{"line":264,"column":null}},"134":{"start":{"line":266,"column":16},"end":{"line":266,"column":null}},"135":{"start":{"line":270,"column":8},"end":{"line":272,"column":null}},"136":{"start":{"line":271,"column":12},"end":{"line":271,"column":null}},"137":{"start":{"line":274,"column":8},"end":{"line":274,"column":null}},"138":{"start":{"line":275,"column":8},"end":{"line":275,"column":null}},"139":{"start":{"line":277,"column":24},"end":{"line":277,"column":null}},"140":{"start":{"line":278,"column":8},"end":{"line":278,"column":null}},"141":{"start":{"line":281,"column":8},"end":{"line":286,"column":null}},"142":{"start":{"line":288,"column":8},"end":{"line":288,"column":null}},"143":{"start":{"line":295,"column":19},"end":{"line":295,"column":null}},"144":{"start":{"line":296,"column":8},"end":{"line":296,"column":null}},"145":{"start":{"line":296,"column":17},"end":{"line":296,"column":null}},"146":{"start":{"line":298,"column":27},"end":{"line":298,"column":null}},"147":{"start":{"line":299,"column":24},"end":{"line":299,"column":null}},"148":{"start":{"line":300,"column":8},"end":{"line":304,"column":null}},"149":{"start":{"line":301,"column":12},"end":{"line":303,"column":null}},"150":{"start":{"line":302,"column":16},"end":{"line":302,"column":null}},"151":{"start":{"line":307,"column":27},"end":{"line":307,"column":null}},"152":{"start":{"line":309,"column":8},"end":{"line":314,"column":null}},"153":{"start":{"line":319,"column":14},"end":{"line":319,"column":null}},"154":{"start":{"line":320,"column":8},"end":{"line":322,"column":null}},"155":{"start":{"line":321,"column":12},"end":{"line":321,"column":null}},"156":{"start":{"line":323,"column":8},"end":{"line":323,"column":null}},"157":{"start":{"line":327,"column":8},"end":{"line":327,"column":null}},"158":{"start":{"line":327,"column":34},"end":{"line":327,"column":null}},"159":{"start":{"line":328,"column":8},"end":{"line":328,"column":null}},"160":{"start":{"line":328,"column":31},"end":{"line":328,"column":null}},"161":{"start":{"line":329,"column":8},"end":{"line":329,"column":null}},"162":{"start":{"line":329,"column":52},"end":{"line":329,"column":null}},"163":{"start":{"line":330,"column":8},"end":{"line":330,"column":null}},"164":{"start":{"line":330,"column":39},"end":{"line":330,"column":null}},"165":{"start":{"line":332,"column":8},"end":{"line":381,"column":null}},"166":{"start":{"line":334,"column":12},"end":{"line":334,"column":null}},"167":{"start":{"line":337,"column":18},"end":{"line":337,"column":null}},"168":{"start":{"line":339,"column":12},"end":{"line":362,"column":null}},"169":{"start":{"line":340,"column":34},"end":{"line":340,"column":null}},"170":{"start":{"line":348,"column":16},"end":{"line":356,"column":null}},"171":{"start":{"line":349,"column":26},"end":{"line":349,"column":null}},"172":{"start":{"line":350,"column":20},"end":{"line":350,"column":null}},"173":{"start":{"line":351,"column":20},"end":{"line":353,"column":null}},"174":{"start":{"line":352,"column":24},"end":{"line":352,"column":null}},"175":{"start":{"line":355,"column":20},"end":{"line":355,"column":null}},"176":{"start":{"line":365,"column":12},"end":{"line":365,"column":null}},"177":{"start":{"line":368,"column":12},"end":{"line":370,"column":null}},"178":{"start":{"line":369,"column":16},"end":{"line":369,"column":null}},"179":{"start":{"line":373,"column":12},"end":{"line":373,"column":null}},"180":{"start":{"line":375,"column":12},"end":{"line":375,"column":null}},"181":{"start":{"line":377,"column":12},"end":{"line":379,"column":null}},"182":{"start":{"line":378,"column":16},"end":{"line":378,"column":null}},"183":{"start":{"line":380,"column":12},"end":{"line":380,"column":null}},"184":{"start":{"line":385,"column":8},"end":{"line":385,"column":null}},"185":{"start":{"line":385,"column":39},"end":{"line":385,"column":null}},"186":{"start":{"line":387,"column":8},"end":{"line":387,"column":null}},"187":{"start":{"line":389,"column":14},"end":{"line":389,"column":null}},"188":{"start":{"line":390,"column":8},"end":{"line":401,"column":null}},"189":{"start":{"line":391,"column":30},"end":{"line":391,"column":null}},"190":{"start":{"line":392,"column":12},"end":{"line":400,"column":null}},"191":{"start":{"line":393,"column":22},"end":{"line":393,"column":null}},"192":{"start":{"line":394,"column":16},"end":{"line":394,"column":null}},"193":{"start":{"line":395,"column":16},"end":{"line":397,"column":null}},"194":{"start":{"line":396,"column":20},"end":{"line":396,"column":null}},"195":{"start":{"line":399,"column":16},"end":{"line":399,"column":null}},"196":{"start":{"line":408,"column":8},"end":{"line":408,"column":null}},"197":{"start":{"line":412,"column":8},"end":{"line":412,"column":null}},"198":{"start":{"line":412,"column":38},"end":{"line":412,"column":null}},"199":{"start":{"line":414,"column":8},"end":{"line":416,"column":null}},"200":{"start":{"line":415,"column":12},"end":{"line":415,"column":null}},"201":{"start":{"line":418,"column":8},"end":{"line":418,"column":null}},"202":{"start":{"line":419,"column":8},"end":{"line":419,"column":null}},"203":{"start":{"line":423,"column":8},"end":{"line":423,"column":null}},"204":{"start":{"line":423,"column":39},"end":{"line":423,"column":null}},"205":{"start":{"line":424,"column":8},"end":{"line":424,"column":null}},"206":{"start":{"line":424,"column":33},"end":{"line":424,"column":null}},"207":{"start":{"line":425,"column":8},"end":{"line":425,"column":null}},"208":{"start":{"line":425,"column":30},"end":{"line":425,"column":null}},"209":{"start":{"line":426,"column":8},"end":{"line":426,"column":null}},"210":{"start":{"line":426,"column":51},"end":{"line":426,"column":null}},"211":{"start":{"line":428,"column":8},"end":{"line":428,"column":null}},"212":{"start":{"line":429,"column":8},"end":{"line":429,"column":null}},"213":{"start":{"line":433,"column":8},"end":{"line":433,"column":null}},"214":{"start":{"line":433,"column":39},"end":{"line":433,"column":null}},"215":{"start":{"line":436,"column":19},"end":{"line":436,"column":null}},"216":{"start":{"line":437,"column":8},"end":{"line":437,"column":null}},"217":{"start":{"line":439,"column":14},"end":{"line":439,"column":null}},"218":{"start":{"line":440,"column":8},"end":{"line":476,"column":null}},"219":{"start":{"line":441,"column":30},"end":{"line":441,"column":null}},"220":{"start":{"line":444,"column":18},"end":{"line":444,"column":null}},"221":{"start":{"line":445,"column":12},"end":{"line":452,"column":null}},"222":{"start":{"line":446,"column":32},"end":{"line":446,"column":null}},"223":{"start":{"line":451,"column":16},"end":{"line":451,"column":null}},"224":{"start":{"line":455,"column":18},"end":{"line":455,"column":null}},"225":{"start":{"line":456,"column":12},"end":{"line":474,"column":null}},"226":{"start":{"line":458,"column":34},"end":{"line":458,"column":null}},"227":{"start":{"line":459,"column":16},"end":{"line":473,"column":null}},"228":{"start":{"line":459,"column":29},"end":{"line":459,"column":32}},"229":{"start":{"line":460,"column":34},"end":{"line":460,"column":null}},"230":{"start":{"line":462,"column":35},"end":{"line":470,"column":null}},"231":{"start":{"line":463,"column":37},"end":{"line":468,"column":null}},"232":{"start":{"line":464,"column":28},"end":{"line":464,"column":null}},"233":{"start":{"line":464,"column":63},"end":{"line":464,"column":null}},"234":{"start":{"line":465,"column":28},"end":{"line":465,"column":null}},"235":{"start":{"line":465,"column":55},"end":{"line":465,"column":null}},"236":{"start":{"line":466,"column":28},"end":{"line":466,"column":null}},"237":{"start":{"line":466,"column":51},"end":{"line":466,"column":null}},"238":{"start":{"line":467,"column":28},"end":{"line":467,"column":null}},"239":{"start":{"line":469,"column":24},"end":{"line":469,"column":null}},"240":{"start":{"line":472,"column":20},"end":{"line":472,"column":null}},"241":{"start":{"line":475,"column":12},"end":{"line":475,"column":null}},"242":{"start":{"line":478,"column":8},"end":{"line":478,"column":null}},"243":{"start":{"line":497,"column":8},"end":{"line":542,"column":null}},"244":{"start":{"line":510,"column":31},"end":{"line":510,"column":null}},"245":{"start":{"line":513,"column":31},"end":{"line":515,"column":null}},"246":{"start":{"line":514,"column":26},"end":{"line":514,"column":34}},"247":{"start":{"line":515,"column":29},"end":{"line":515,"column":64}},"248":{"start":{"line":517,"column":12},"end":{"line":524,"column":null}},"249":{"start":{"line":519,"column":16},"end":{"line":519,"column":null}},"250":{"start":{"line":519,"column":75},"end":{"line":519,"column":null}},"251":{"start":{"line":523,"column":16},"end":{"line":523,"column":null}},"252":{"start":{"line":532,"column":12},"end":{"line":536,"column":null}},"253":{"start":{"line":533,"column":16},"end":{"line":533,"column":null}},"254":{"start":{"line":534,"column":12},"end":{"line":536,"column":null}},"255":{"start":{"line":535,"column":16},"end":{"line":535,"column":null}},"256":{"start":{"line":538,"column":12},"end":{"line":538,"column":null}},"257":{"start":{"line":540,"column":12},"end":{"line":540,"column":null}},"258":{"start":{"line":541,"column":12},"end":{"line":541,"column":null}}},"fnMap":{"0":{"name":"(anonymous_0)","decl":{"start":{"line":12,"column":4},"end":{"line":12,"column":24}},"loc":{"start":{"line":12,"column":46},"end":{"line":12,"column":null}},"line":12},"1":{"name":"(anonymous_1)","decl":{"start":{"line":14,"column":10},"end":{"line":14,"column":32}},"loc":{"start":{"line":14,"column":32},"end":{"line":57,"column":null}},"line":14},"2":{"name":"(anonymous_2)","decl":{"start":{"line":59,"column":18},"end":{"line":59,"column":62}},"loc":{"start":{"line":59,"column":62},"end":{"line":151,"column":null}},"line":59},"3":{"name":"(anonymous_3)","decl":{"start":{"line":62,"column":63},"end":{"line":62,"column":68}},"loc":{"start":{"line":62,"column":68},"end":{"line":62,"column":82}},"line":62},"4":{"name":"(anonymous_4)","decl":{"start":{"line":103,"column":69},"end":{"line":103,"column":70}},"loc":{"start":{"line":103,"column":81},"end":{"line":108,"column":33}},"line":103},"5":{"name":"(anonymous_5)","decl":{"start":{"line":113,"column":74},"end":{"line":113,"column":81}},"loc":{"start":{"line":113,"column":81},"end":{"line":123,"column":33}},"line":113},"6":{"name":"(anonymous_6)","decl":{"start":{"line":153,"column":10},"end":{"line":153,"column":32}},"loc":{"start":{"line":153,"column":32},"end":{"line":247,"column":null}},"line":153},"7":{"name":"(anonymous_7)","decl":{"start":{"line":249,"column":10},"end":{"line":249,"column":33}},"loc":{"start":{"line":249,"column":33},"end":{"line":289,"column":null}},"line":249},"8":{"name":"(anonymous_8)","decl":{"start":{"line":257,"column":57},"end":{"line":257,"column":62}},"loc":{"start":{"line":257,"column":62},"end":{"line":257,"column":76}},"line":257},"9":{"name":"(anonymous_9)","decl":{"start":{"line":294,"column":4},"end":{"line":294,"column":21}},"loc":{"start":{"line":294,"column":42},"end":{"line":315,"column":null}},"line":294},"10":{"name":"(anonymous_10)","decl":{"start":{"line":300,"column":27},"end":{"line":300,"column":32}},"loc":{"start":{"line":300,"column":32},"end":{"line":304,"column":9}},"line":300},"11":{"name":"(anonymous_11)","decl":{"start":{"line":317,"column":10},"end":{"line":317,"column":24}},"loc":{"start":{"line":317,"column":55},"end":{"line":324,"column":null}},"line":317},"12":{"name":"(anonymous_12)","decl":{"start":{"line":326,"column":10},"end":{"line":326,"column":25}},"loc":{"start":{"line":326,"column":74},"end":{"line":382,"column":null}},"line":326},"13":{"name":"(anonymous_13)","decl":{"start":{"line":384,"column":10},"end":{"line":384,"column":28}},"loc":{"start":{"line":384,"column":76},"end":{"line":409,"column":null}},"line":384},"14":{"name":"(anonymous_14)","decl":{"start":{"line":411,"column":10},"end":{"line":411,"column":25}},"loc":{"start":{"line":411,"column":56},"end":{"line":420,"column":null}},"line":411},"15":{"name":"(anonymous_15)","decl":{"start":{"line":422,"column":10},"end":{"line":422,"column":25}},"loc":{"start":{"line":422,"column":56},"end":{"line":430,"column":null}},"line":422},"16":{"name":"(anonymous_16)","decl":{"start":{"line":432,"column":10},"end":{"line":432,"column":25}},"loc":{"start":{"line":432,"column":58},"end":{"line":479,"column":null}},"line":432},"17":{"name":"(anonymous_17)","decl":{"start":{"line":462,"column":45},"end":{"line":462,"column":52}},"loc":{"start":{"line":462,"column":52},"end":{"line":470,"column":21}},"line":462},"18":{"name":"(anonymous_18)","decl":{"start":{"line":463,"column":60},"end":{"line":463,"column":65}},"loc":{"start":{"line":463,"column":65},"end":{"line":468,"column":25}},"line":463},"19":{"name":"(anonymous_19)","decl":{"start":{"line":481,"column":10},"end":{"line":481,"column":25}},"loc":{"start":{"line":481,"column":53},"end":{"line":543,"column":null}},"line":481},"20":{"name":"(anonymous_20)","decl":{"start":{"line":514,"column":21},"end":{"line":514,"column":26}},"loc":{"start":{"line":514,"column":26},"end":{"line":514,"column":34}},"line":514},"21":{"name":"(anonymous_21)","decl":{"start":{"line":515,"column":24},"end":{"line":515,"column":29}},"loc":{"start":{"line":515,"column":29},"end":{"line":515,"column":64}},"line":515}},"branchMap":{"0":{"loc":{"start":{"line":15,"column":8},"end":{"line":18,"column":null}},"type":"if","locations":[{"start":{"line":15,"column":8},"end":{"line":18,"column":null}},{"start":{},"end":{}}],"line":15},"1":{"loc":{"start":{"line":25,"column":33},"end":{"line":25,"column":null}},"type":"binary-expr","locations":[{"start":{"line":25,"column":33},"end":{"line":25,"column":65}},{"start":{"line":25,"column":65},"end":{"line":25,"column":null}}],"line":25},"2":{"loc":{"start":{"line":27,"column":12},"end":{"line":37,"column":null}},"type":"if","locations":[{"start":{"line":27,"column":12},"end":{"line":37,"column":null}},{"start":{},"end":{}}],"line":27},"3":{"loc":{"start":{"line":33,"column":36},"end":{"line":33,"column":null}},"type":"binary-expr","locations":[{"start":{"line":33,"column":36},"end":{"line":33,"column":65}},{"start":{"line":33,"column":65},"end":{"line":33,"column":null}}],"line":33},"4":{"loc":{"start":{"line":53,"column":12},"end":{"line":55,"column":null}},"type":"if","locations":[{"start":{"line":53,"column":12},"end":{"line":55,"column":null}},{"start":{},"end":{}}],"line":53},"5":{"loc":{"start":{"line":60,"column":31},"end":{"line":60,"column":null}},"type":"binary-expr","locations":[{"start":{"line":60,"column":31},"end":{"line":60,"column":61}},{"start":{"line":60,"column":61},"end":{"line":60,"column":null}}],"line":60},"6":{"loc":{"start":{"line":74,"column":16},"end":{"line":74,"column":null}},"type":"if","locations":[{"start":{"line":74,"column":16},"end":{"line":74,"column":null}},{"start":{},"end":{}}],"line":74},"7":{"loc":{"start":{"line":79,"column":16},"end":{"line":135,"column":null}},"type":"if","locations":[{"start":{"line":79,"column":16},"end":{"line":135,"column":null}},{"start":{},"end":{}}],"line":79},"8":{"loc":{"start":{"line":82,"column":37},"end":{"line":82,"column":null}},"type":"binary-expr","locations":[{"start":{"line":82,"column":37},"end":{"line":82,"column":54}},{"start":{"line":82,"column":54},"end":{"line":82,"column":null}}],"line":82},"9":{"loc":{"start":{"line":84,"column":38},"end":{"line":84,"column":null}},"type":"binary-expr","locations":[{"start":{"line":84,"column":38},"end":{"line":84,"column":79}},{"start":{"line":84,"column":79},"end":{"line":84,"column":null}}],"line":84},"10":{"loc":{"start":{"line":87,"column":24},"end":{"line":92,"column":null}},"type":"if","locations":[{"start":{"line":87,"column":24},"end":{"line":92,"column":null}},{"start":{"line":90,"column":31},"end":{"line":92,"column":null}}],"line":87},"11":{"loc":{"start":{"line":97,"column":28},"end":{"line":99,"column":null}},"type":"if","locations":[{"start":{"line":97,"column":28},"end":{"line":99,"column":null}},{"start":{},"end":{}}],"line":97},"12":{"loc":{"start":{"line":98,"column":54},"end":{"line":98,"column":null}},"type":"binary-expr","locations":[{"start":{"line":98,"column":54},"end":{"line":98,"column":86}},{"start":{"line":98,"column":86},"end":{"line":98,"column":null}}],"line":98},"13":{"loc":{"start":{"line":102,"column":28},"end":{"line":130,"column":null}},"type":"if","locations":[{"start":{"line":102,"column":28},"end":{"line":130,"column":null}},{"start":{"line":110,"column":28},"end":{"line":130,"column":null}}],"line":102},"14":{"loc":{"start":{"line":102,"column":32},"end":{"line":102,"column":105}},"type":"binary-expr","locations":[{"start":{"line":102,"column":32},"end":{"line":102,"column":56}},{"start":{"line":102,"column":56},"end":{"line":102,"column":76}},{"start":{"line":102,"column":76},"end":{"line":102,"column":105}}],"line":102},"15":{"loc":{"start":{"line":104,"column":67},"end":{"line":104,"column":90}},"type":"binary-expr","locations":[{"start":{"line":104,"column":67},"end":{"line":104,"column":81}},{"start":{"line":104,"column":81},"end":{"line":104,"column":90}}],"line":104},"16":{"loc":{"start":{"line":105,"column":36},"end":{"line":105,"column":null}},"type":"if","locations":[{"start":{"line":105,"column":36},"end":{"line":105,"column":null}},{"start":{},"end":{}}],"line":105},"17":{"loc":{"start":{"line":106,"column":36},"end":{"line":106,"column":null}},"type":"if","locations":[{"start":{"line":106,"column":36},"end":{"line":106,"column":null}},{"start":{},"end":{}}],"line":106},"18":{"loc":{"start":{"line":106,"column":40},"end":{"line":106,"column":91}},"type":"binary-expr","locations":[{"start":{"line":106,"column":40},"end":{"line":106,"column":60}},{"start":{"line":106,"column":60},"end":{"line":106,"column":79}},{"start":{"line":106,"column":79},"end":{"line":106,"column":91}}],"line":106},"19":{"loc":{"start":{"line":110,"column":28},"end":{"line":130,"column":null}},"type":"if","locations":[{"start":{"line":110,"column":28},"end":{"line":130,"column":null}},{"start":{},"end":{}}],"line":110},"20":{"loc":{"start":{"line":110,"column":39},"end":{"line":110,"column":80}},"type":"binary-expr","locations":[{"start":{"line":110,"column":39},"end":{"line":110,"column":63}},{"start":{"line":110,"column":63},"end":{"line":110,"column":80}}],"line":110},"21":{"loc":{"start":{"line":117,"column":36},"end":{"line":120,"column":null}},"type":"if","locations":[{"start":{"line":117,"column":36},"end":{"line":120,"column":null}},{"start":{"line":117,"column":86},"end":{"line":120,"column":null}}],"line":117},"22":{"loc":{"start":{"line":117,"column":40},"end":{"line":117,"column":79}},"type":"binary-expr","locations":[{"start":{"line":117,"column":40},"end":{"line":117,"column":58}},{"start":{"line":117,"column":58},"end":{"line":117,"column":79}}],"line":117},"23":{"loc":{"start":{"line":117,"column":86},"end":{"line":120,"column":null}},"type":"if","locations":[{"start":{"line":117,"column":86},"end":{"line":120,"column":null}},{"start":{"line":118,"column":113},"end":{"line":120,"column":null}}],"line":117},"24":{"loc":{"start":{"line":118,"column":79},"end":{"line":118,"column":null}},"type":"cond-expr","locations":[{"start":{"line":118,"column":105},"end":{"line":118,"column":113}},{"start":{"line":118,"column":113},"end":{"line":118,"column":null}}],"line":118},"25":{"loc":{"start":{"line":118,"column":113},"end":{"line":120,"column":null}},"type":"if","locations":[{"start":{"line":118,"column":113},"end":{"line":120,"column":null}},{"start":{"line":119,"column":80},"end":{"line":120,"column":null}}],"line":118},"26":{"loc":{"start":{"line":119,"column":80},"end":{"line":120,"column":null}},"type":"if","locations":[{"start":{"line":119,"column":80},"end":{"line":120,"column":null}},{"start":{},"end":{}}],"line":119},"27":{"loc":{"start":{"line":156,"column":8},"end":{"line":158,"column":null}},"type":"if","locations":[{"start":{"line":156,"column":8},"end":{"line":158,"column":null}},{"start":{},"end":{}}],"line":156},"28":{"loc":{"start":{"line":161,"column":29},"end":{"line":161,"column":null}},"type":"binary-expr","locations":[{"start":{"line":161,"column":29},"end":{"line":161,"column":52}},{"start":{"line":161,"column":52},"end":{"line":161,"column":70}},{"start":{"line":161,"column":70},"end":{"line":161,"column":null}}],"line":161},"29":{"loc":{"start":{"line":165,"column":16},"end":{"line":165,"column":null}},"type":"if","locations":[{"start":{"line":165,"column":16},"end":{"line":165,"column":null}},{"start":{},"end":{}}],"line":165},"30":{"loc":{"start":{"line":169,"column":16},"end":{"line":169,"column":null}},"type":"if","locations":[{"start":{"line":169,"column":16},"end":{"line":169,"column":null}},{"start":{},"end":{}}],"line":169},"31":{"loc":{"start":{"line":169,"column":20},"end":{"line":169,"column":46}},"type":"binary-expr","locations":[{"start":{"line":169,"column":20},"end":{"line":169,"column":34}},{"start":{"line":169,"column":34},"end":{"line":169,"column":46}}],"line":169},"32":{"loc":{"start":{"line":171,"column":16},"end":{"line":173,"column":null}},"type":"if","locations":[{"start":{"line":171,"column":16},"end":{"line":173,"column":null}},{"start":{},"end":{}}],"line":171},"33":{"loc":{"start":{"line":178,"column":16},"end":{"line":197,"column":null}},"type":"if","locations":[{"start":{"line":178,"column":16},"end":{"line":197,"column":null}},{"start":{},"end":{}}],"line":178},"34":{"loc":{"start":{"line":184,"column":28},"end":{"line":189,"column":null}},"type":"if","locations":[{"start":{"line":184,"column":28},"end":{"line":189,"column":null}},{"start":{},"end":{}}],"line":184},"35":{"loc":{"start":{"line":186,"column":32},"end":{"line":188,"column":null}},"type":"if","locations":[{"start":{"line":186,"column":32},"end":{"line":188,"column":null}},{"start":{},"end":{}}],"line":186},"36":{"loc":{"start":{"line":199,"column":16},"end":{"line":223,"column":null}},"type":"if","locations":[{"start":{"line":199,"column":16},"end":{"line":223,"column":null}},{"start":{},"end":{}}],"line":199},"37":{"loc":{"start":{"line":201,"column":24},"end":{"line":201,"column":null}},"type":"if","locations":[{"start":{"line":201,"column":24},"end":{"line":201,"column":null}},{"start":{},"end":{}}],"line":201},"38":{"loc":{"start":{"line":201,"column":28},"end":{"line":201,"column":67}},"type":"binary-expr","locations":[{"start":{"line":201,"column":28},"end":{"line":201,"column":38}},{"start":{"line":201,"column":38},"end":{"line":201,"column":67}}],"line":201},"39":{"loc":{"start":{"line":204,"column":28},"end":{"line":218,"column":null}},"type":"if","locations":[{"start":{"line":204,"column":28},"end":{"line":218,"column":null}},{"start":{},"end":{}}],"line":204},"40":{"loc":{"start":{"line":206,"column":32},"end":{"line":217,"column":null}},"type":"if","locations":[{"start":{"line":206,"column":32},"end":{"line":217,"column":null}},{"start":{},"end":{}}],"line":206},"41":{"loc":{"start":{"line":206,"column":36},"end":{"line":206,"column":72}},"type":"binary-expr","locations":[{"start":{"line":206,"column":36},"end":{"line":206,"column":45}},{"start":{"line":206,"column":45},"end":{"line":206,"column":72}}],"line":206},"42":{"loc":{"start":{"line":208,"column":54},"end":{"line":208,"column":null}},"type":"binary-expr","locations":[{"start":{"line":208,"column":54},"end":{"line":208,"column":67}},{"start":{"line":208,"column":67},"end":{"line":208,"column":null}}],"line":208},"43":{"loc":{"start":{"line":209,"column":36},"end":{"line":216,"column":null}},"type":"if","locations":[{"start":{"line":209,"column":36},"end":{"line":216,"column":null}},{"start":{"line":212,"column":43},"end":{"line":216,"column":null}}],"line":209},"44":{"loc":{"start":{"line":238,"column":12},"end":{"line":240,"column":null}},"type":"if","locations":[{"start":{"line":238,"column":12},"end":{"line":240,"column":null}},{"start":{},"end":{}}],"line":238},"45":{"loc":{"start":{"line":270,"column":8},"end":{"line":272,"column":null}},"type":"if","locations":[{"start":{"line":270,"column":8},"end":{"line":272,"column":null}},{"start":{},"end":{}}],"line":270},"46":{"loc":{"start":{"line":296,"column":8},"end":{"line":296,"column":null}},"type":"if","locations":[{"start":{"line":296,"column":8},"end":{"line":296,"column":null}},{"start":{},"end":{}}],"line":296},"47":{"loc":{"start":{"line":301,"column":12},"end":{"line":303,"column":null}},"type":"if","locations":[{"start":{"line":301,"column":12},"end":{"line":303,"column":null}},{"start":{},"end":{}}],"line":301},"48":{"loc":{"start":{"line":327,"column":8},"end":{"line":327,"column":null}},"type":"if","locations":[{"start":{"line":327,"column":8},"end":{"line":327,"column":null}},{"start":{},"end":{}}],"line":327},"49":{"loc":{"start":{"line":328,"column":8},"end":{"line":328,"column":null}},"type":"if","locations":[{"start":{"line":328,"column":8},"end":{"line":328,"column":null}},{"start":{},"end":{}}],"line":328},"50":{"loc":{"start":{"line":329,"column":8},"end":{"line":329,"column":null}},"type":"if","locations":[{"start":{"line":329,"column":8},"end":{"line":329,"column":null}},{"start":{},"end":{}}],"line":329},"51":{"loc":{"start":{"line":330,"column":8},"end":{"line":330,"column":null}},"type":"if","locations":[{"start":{"line":330,"column":8},"end":{"line":330,"column":null}},{"start":{},"end":{}}],"line":330},"52":{"loc":{"start":{"line":351,"column":20},"end":{"line":353,"column":null}},"type":"if","locations":[{"start":{"line":351,"column":20},"end":{"line":353,"column":null}},{"start":{},"end":{}}],"line":351},"53":{"loc":{"start":{"line":368,"column":12},"end":{"line":370,"column":null}},"type":"if","locations":[{"start":{"line":368,"column":12},"end":{"line":370,"column":null}},{"start":{},"end":{}}],"line":368},"54":{"loc":{"start":{"line":385,"column":8},"end":{"line":385,"column":null}},"type":"if","locations":[{"start":{"line":385,"column":8},"end":{"line":385,"column":null}},{"start":{},"end":{}}],"line":385},"55":{"loc":{"start":{"line":395,"column":16},"end":{"line":397,"column":null}},"type":"if","locations":[{"start":{"line":395,"column":16},"end":{"line":397,"column":null}},{"start":{},"end":{}}],"line":395},"56":{"loc":{"start":{"line":412,"column":8},"end":{"line":412,"column":null}},"type":"if","locations":[{"start":{"line":412,"column":8},"end":{"line":412,"column":null}},{"start":{},"end":{}}],"line":412},"57":{"loc":{"start":{"line":414,"column":8},"end":{"line":416,"column":null}},"type":"if","locations":[{"start":{"line":414,"column":8},"end":{"line":416,"column":null}},{"start":{},"end":{}}],"line":414},"58":{"loc":{"start":{"line":423,"column":8},"end":{"line":423,"column":null}},"type":"if","locations":[{"start":{"line":423,"column":8},"end":{"line":423,"column":null}},{"start":{},"end":{}}],"line":423},"59":{"loc":{"start":{"line":424,"column":8},"end":{"line":424,"column":null}},"type":"if","locations":[{"start":{"line":424,"column":8},"end":{"line":424,"column":null}},{"start":{},"end":{}}],"line":424},"60":{"loc":{"start":{"line":425,"column":8},"end":{"line":425,"column":null}},"type":"if","locations":[{"start":{"line":425,"column":8},"end":{"line":425,"column":null}},{"start":{},"end":{}}],"line":425},"61":{"loc":{"start":{"line":426,"column":8},"end":{"line":426,"column":null}},"type":"if","locations":[{"start":{"line":426,"column":8},"end":{"line":426,"column":null}},{"start":{},"end":{}}],"line":426},"62":{"loc":{"start":{"line":433,"column":8},"end":{"line":433,"column":null}},"type":"if","locations":[{"start":{"line":433,"column":8},"end":{"line":433,"column":null}},{"start":{},"end":{}}],"line":433},"63":{"loc":{"start":{"line":445,"column":12},"end":{"line":452,"column":null}},"type":"if","locations":[{"start":{"line":445,"column":12},"end":{"line":452,"column":null}},{"start":{},"end":{}}],"line":445},"64":{"loc":{"start":{"line":446,"column":32},"end":{"line":446,"column":null}},"type":"binary-expr","locations":[{"start":{"line":446,"column":32},"end":{"line":446,"column":64}},{"start":{"line":446,"column":64},"end":{"line":446,"column":null}}],"line":446},"65":{"loc":{"start":{"line":456,"column":12},"end":{"line":474,"column":null}},"type":"if","locations":[{"start":{"line":456,"column":12},"end":{"line":474,"column":null}},{"start":{},"end":{}}],"line":456},"66":{"loc":{"start":{"line":464,"column":28},"end":{"line":464,"column":null}},"type":"if","locations":[{"start":{"line":464,"column":28},"end":{"line":464,"column":null}},{"start":{},"end":{}}],"line":464},"67":{"loc":{"start":{"line":464,"column":32},"end":{"line":464,"column":63}},"type":"binary-expr","locations":[{"start":{"line":464,"column":32},"end":{"line":464,"column":46}},{"start":{"line":464,"column":46},"end":{"line":464,"column":63}}],"line":464},"68":{"loc":{"start":{"line":465,"column":28},"end":{"line":465,"column":null}},"type":"if","locations":[{"start":{"line":465,"column":28},"end":{"line":465,"column":null}},{"start":{},"end":{}}],"line":465},"69":{"loc":{"start":{"line":466,"column":28},"end":{"line":466,"column":null}},"type":"if","locations":[{"start":{"line":466,"column":28},"end":{"line":466,"column":null}},{"start":{},"end":{}}],"line":466},"70":{"loc":{"start":{"line":515,"column":29},"end":{"line":515,"column":64}},"type":"binary-expr","locations":[{"start":{"line":515,"column":29},"end":{"line":515,"column":45}},{"start":{"line":515,"column":45},"end":{"line":515,"column":64}}],"line":515},"71":{"loc":{"start":{"line":519,"column":16},"end":{"line":519,"column":null}},"type":"if","locations":[{"start":{"line":519,"column":16},"end":{"line":519,"column":null}},{"start":{},"end":{}}],"line":519},"72":{"loc":{"start":{"line":519,"column":20},"end":{"line":519,"column":75}},"type":"binary-expr","locations":[{"start":{"line":519,"column":20},"end":{"line":519,"column":48}},{"start":{"line":519,"column":48},"end":{"line":519,"column":75}}],"line":519},"73":{"loc":{"start":{"line":532,"column":12},"end":{"line":536,"column":null}},"type":"if","locations":[{"start":{"line":532,"column":12},"end":{"line":536,"column":null}},{"start":{"line":534,"column":12},"end":{"line":536,"column":null}}],"line":532},"74":{"loc":{"start":{"line":532,"column":16},"end":{"line":532,"column":59}},"type":"binary-expr","locations":[{"start":{"line":532,"column":16},"end":{"line":532,"column":32}},{"start":{"line":532,"column":32},"end":{"line":532,"column":59}}],"line":532},"75":{"loc":{"start":{"line":534,"column":12},"end":{"line":536,"column":null}},"type":"if","locations":[{"start":{"line":534,"column":12},"end":{"line":536,"column":null}},{"start":{},"end":{}}],"line":534}},"s":{"0":8,"1":8,"2":8,"3":4,"4":0,"5":0,"6":4,"7":4,"8":4,"9":4,"10":4,"11":4,"12":0,"13":0,"14":0,"15":4,"16":4,"17":4,"18":4,"19":4,"20":0,"21":0,"22":4,"23":4,"24":0,"25":6,"26":6,"27":14,"28":6,"29":6,"30":8,"31":8,"32":8,"33":0,"34":8,"35":8,"36":8,"37":8,"38":8,"39":8,"40":8,"41":8,"42":1,"43":1,"44":7,"45":8,"46":8,"47":8,"48":7,"49":7,"50":6,"51":7,"52":7,"53":0,"54":7,"55":0,"56":7,"57":6,"58":1,"59":1,"60":1,"61":1,"62":1,"63":1,"64":0,"65":1,"66":1,"67":0,"68":0,"69":0,"70":0,"71":1,"72":1,"73":1,"74":1,"75":1,"76":8,"77":0,"78":6,"79":0,"80":0,"81":0,"82":0,"83":0,"84":0,"85":0,"86":0,"87":0,"88":0,"89":0,"90":0,"91":0,"92":0,"93":0,"94":0,"95":0,"96":0,"97":0,"98":0,"99":0,"100":0,"101":0,"102":0,"103":0,"104":0,"105":0,"106":0,"107":0,"108":0,"109":0,"110":0,"111":0,"112":0,"113":0,"114":0,"115":0,"116":0,"117":0,"118":0,"119":0,"120":0,"121":0,"122":0,"123":0,"124":1,"125":1,"126":0,"127":1,"128":3,"129":1,"130":1,"131":2,"132":2,"133":2,"134":0,"135":1,"136":1,"137":1,"138":1,"139":1,"140":1,"141":1,"142":1,"143":0,"144":0,"145":0,"146":0,"147":0,"148":0,"149":0,"150":0,"151":0,"152":0,"153":1,"154":1,"155":3,"156":1,"157":2,"158":0,"159":2,"160":0,"161":2,"162":1,"163":1,"164":0,"165":1,"166":1,"167":1,"168":1,"169":1,"170":1,"171":1,"172":1,"173":1,"174":1,"175":0,"176":1,"177":1,"178":0,"179":1,"180":0,"181":0,"182":0,"183":0,"184":1,"185":0,"186":1,"187":1,"188":1,"189":1,"190":1,"191":1,"192":1,"193":1,"194":1,"195":0,"196":1,"197":0,"198":0,"199":0,"200":0,"201":0,"202":0,"203":1,"204":0,"205":1,"206":0,"207":1,"208":0,"209":1,"210":0,"211":1,"212":1,"213":0,"214":0,"215":0,"216":0,"217":0,"218":0,"219":0,"220":0,"221":0,"222":0,"223":0,"224":0,"225":0,"226":0,"227":0,"228":0,"229":0,"230":0,"231":0,"232":0,"233":0,"234":0,"235":0,"236":0,"237":0,"238":0,"239":0,"240":0,"241":0,"242":0,"243":0,"244":0,"245":0,"246":0,"247":0,"248":0,"249":0,"250":0,"251":0,"252":0,"253":0,"254":0,"255":0,"256":0,"257":0,"258":0},"f":{"0":8,"1":4,"2":6,"3":14,"4":7,"5":1,"6":0,"7":1,"8":3,"9":0,"10":0,"11":1,"12":2,"13":1,"14":0,"15":1,"16":0,"17":0,"18":0,"19":0,"20":0,"21":0},"b":{"0":[0,4],"1":[4,0],"2":[0,4],"3":[0,0],"4":[0,4],"5":[6,0],"6":[0,8],"7":[8,0],"8":[8,0],"9":[8,0],"10":[1,7],"11":[7,1],"12":[7,7],"13":[6,1],"14":[7,7,7],"15":[7,0],"16":[0,7],"17":[0,7],"18":[7,7,7],"19":[1,0],"20":[1,1],"21":[0,1],"22":[1,1],"23":[1,0],"24":[1,0],"25":[0,0],"26":[0,0],"27":[0,0],"28":[0,0,0],"29":[0,0],"30":[0,0],"31":[0,0],"32":[0,0],"33":[0,0],"34":[0,0],"35":[0,0],"36":[0,0],"37":[0,0],"38":[0,0],"39":[0,0],"40":[0,0],"41":[0,0],"42":[0,0],"43":[0,0],"44":[0,0],"45":[1,0],"46":[0,0],"47":[0,0],"48":[0,2],"49":[0,2],"50":[1,1],"51":[0,1],"52":[1,0],"53":[0,1],"54":[0,1],"55":[1,0],"56":[0,0],"57":[0,0],"58":[0,1],"59":[0,1],"60":[0,1],"61":[0,1],"62":[0,0],"63":[0,0],"64":[0,0],"65":[0,0],"66":[0,0],"67":[0,0],"68":[0,0],"69":[0,0],"70":[0,0],"71":[0,0],"72":[0,0],"73":[0,0],"74":[0,0],"75":[0,0]},"meta":{"lastBranch":76,"lastFunction":22,"lastStatement":259,"seen":{"f:12:4:12:24":0,"s:12:24:12:46":0,"s:9:4:9:Infinity":1,"s:10:4:10:Infinity":2,"f:14:10:14:32":1,"b:15:8:18:Infinity:undefined:undefined:undefined:undefined":0,"s:15:8:18:Infinity":3,"s:16:12:16:Infinity":4,"s:17:12:17:Infinity":5,"s:20:8:20:Infinity":6,"s:21:8:21:Infinity":7,"s:23:8:56:Infinity":8,"s:24:29:24:Infinity":9,"s:25:33:25:Infinity":10,"b:25:33:25:65:25:65:25:Infinity":1,"b:27:12:37:Infinity:undefined:undefined:undefined:undefined":2,"s:27:12:37:Infinity":11,"s:28:35:28:Infinity":12,"s:29:16:29:Infinity":13,"s:31:16:36:Infinity":14,"b:33:36:33:65:33:65:33:Infinity":3,"s:39:29:39:Infinity":15,"s:40:12:40:Infinity":16,"s:42:30:42:Infinity":17,"s:43:12:43:Infinity":18,"s:45:12:45:Infinity":19,"s:48:12:48:Infinity":20,"s:49:12:49:Infinity":21,"s:51:12:51:Infinity":22,"b:53:12:55:Infinity:undefined:undefined:undefined:undefined":4,"s:53:12:55:Infinity":23,"s:54:16:54:Infinity":24,"f:59:18:59:62":2,"s:60:31:60:Infinity":25,"b:60:31:60:61:60:61:60:Infinity":5,"s:62:26:62:Infinity":26,"f:62:63:62:68":3,"s:62:68:62:82":27,"s:63:43:68:Infinity":28,"s:70:8:146:Infinity":29,"s:71:12:145:Infinity":30,"s:73:35:73:Infinity":31,"b:74:16:74:Infinity:undefined:undefined:undefined:undefined":6,"s:74:16:74:Infinity":32,"s:74:33:74:Infinity":33,"s:76:54:76:Infinity":34,"s:77:57:77:Infinity":35,"b:79:16:135:Infinity:undefined:undefined:undefined:undefined":7,"s:79:16:135:Infinity":36,"s:80:20:134:Infinity":37,"s:81:41:81:Infinity":38,"s:82:37:82:Infinity":39,"b:82:37:82:54:82:54:82:Infinity":8,"s:84:38:84:Infinity":40,"b:84:38:84:79:84:79:84:Infinity":9,"b:87:24:92:Infinity:90:31:92:Infinity":10,"s:87:24:92:Infinity":41,"s:88:28:88:Infinity":42,"s:89:28:89:Infinity":43,"s:91:28:91:Infinity":44,"s:95:24:133:Infinity":45,"s:96:34:96:Infinity":46,"b:97:28:99:Infinity:undefined:undefined:undefined:undefined":11,"s:97:28:99:Infinity":47,"s:98:32:98:Infinity":48,"b:98:54:98:86:98:86:98:Infinity":12,"b:102:28:130:Infinity:110:28:130:Infinity":13,"s:102:28:130:Infinity":49,"b:102:32:102:56:102:56:102:76:102:76:102:105":14,"s:103:48:108:Infinity":50,"f:103:69:103:70":4,"s:104:46:104:Infinity":51,"b:104:67:104:81:104:81:104:90":15,"b:105:36:105:Infinity:undefined:undefined:undefined:undefined":16,"s:105:36:105:Infinity":52,"s:105:54:105:Infinity":53,"b:106:36:106:Infinity:undefined:undefined:undefined:undefined":17,"s:106:36:106:Infinity":54,"b:106:40:106:60:106:60:106:79:106:79:106:91":18,"s:106:91:106:Infinity":55,"s:107:36:107:Infinity":56,"s:109:32:109:Infinity":57,"b:110:28:130:Infinity:undefined:undefined:undefined:undefined":19,"s:110:28:130:Infinity":58,"b:110:39:110:63:110:63:110:80":20,"s:112:49:112:Infinity":59,"s:113:48:123:Infinity":60,"f:113:74:113:81":5,"s:114:50:114:Infinity":61,"s:115:47:115:Infinity":62,"b:117:36:120:Infinity:117:86:120:Infinity":21,"s:117:36:120:Infinity":63,"b:117:40:117:58:117:58:117:79":22,"s:117:79:117:Infinity":64,"b:117:86:120:Infinity:118:113:120:Infinity":23,"s:117:86:120:Infinity":65,"s:118:72:118:Infinity":66,"b:118:105:118:113:118:113:118:Infinity":24,"b:118:113:120:Infinity:119:80:120:Infinity":25,"s:118:113:120:Infinity":67,"s:119:73:119:Infinity":68,"b:119:80:120:Infinity:undefined:undefined:undefined:undefined":26,"s:119:80:120:Infinity":69,"s:120:68:120:Infinity":70,"s:122:36:122:Infinity":71,"s:125:50:125:Infinity":72,"s:126:32:126:Infinity":73,"s:129:32:129:Infinity":74,"s:132:28:132:Infinity":75,"s:137:16:141:Infinity":76,"s:144:16:144:Infinity":77,"s:150:8:150:Infinity":78,"f:153:10:153:32":6,"s:154:21:154:Infinity":79,"b:156:8:158:Infinity:undefined:undefined:undefined:undefined":27,"s:156:8:158:Infinity":80,"s:157:12:157:Infinity":81,"s:160:8:246:Infinity":82,"s:161:29:161:Infinity":83,"b:161:29:161:52:161:52:161:70:161:70:161:Infinity":28,"s:162:38:162:Infinity":84,"s:164:12:224:Infinity":85,"b:165:16:165:Infinity:undefined:undefined:undefined:undefined":29,"s:165:16:165:Infinity":86,"s:165:41:165:Infinity":87,"s:167:27:167:Infinity":88,"b:169:16:169:Infinity:undefined:undefined:undefined:undefined":30,"s:169:16:169:Infinity":89,"b:169:20:169:34:169:34:169:46":31,"s:169:46:169:Infinity":90,"b:171:16:173:Infinity:undefined:undefined:undefined:undefined":32,"s:171:16:173:Infinity":91,"s:172:20:172:Infinity":92,"s:176:16:176:Infinity":93,"b:178:16:197:Infinity:undefined:undefined:undefined:undefined":33,"s:178:16:197:Infinity":94,"s:179:20:196:Infinity":95,"s:180:24:195:Infinity":96,"s:181:28:181:Infinity":97,"s:183:44:183:Infinity":98,"b:184:28:189:Infinity:undefined:undefined:undefined:undefined":34,"s:184:28:189:Infinity":99,"b:186:32:188:Infinity:undefined:undefined:undefined:undefined":35,"s:186:32:188:Infinity":100,"s:187:36:187:Infinity":101,"s:190:28:190:Infinity":102,"s:191:28:191:Infinity":103,"s:192:28:192:Infinity":104,"s:194:28:194:Infinity":105,"b:199:16:223:Infinity:undefined:undefined:undefined:undefined":36,"s:199:16:223:Infinity":106,"s:200:20:222:Infinity":107,"b:201:24:201:Infinity:undefined:undefined:undefined:undefined":37,"s:201:24:201:Infinity":108,"b:201:28:201:38:201:38:201:67":38,"s:201:67:201:Infinity":109,"s:202:24:221:Infinity":110,"s:203:43:203:Infinity":111,"b:204:28:218:Infinity:undefined:undefined:undefined:undefined":39,"s:204:28:218:Infinity":112,"b:206:32:217:Infinity:undefined:undefined:undefined:undefined":40,"s:206:32:217:Infinity":113,"b:206:36:206:45:206:45:206:72":41,"s:208:54:208:Infinity":114,"b:208:54:208:67:208:67:208:Infinity":42,"b:209:36:216:Infinity:212:43:216:Infinity":43,"s:209:36:216:Infinity":115,"s:211:40:211:Infinity":116,"s:215:40:215:Infinity":117,"s:220:28:220:Infinity":118,"s:227:12:227:Infinity":119,"b:238:12:240:Infinity:undefined:undefined:undefined:undefined":44,"s:238:12:240:Infinity":120,"s:239:16:239:Infinity":121,"s:244:12:244:Infinity":122,"s:245:12:245:Infinity":123,"f:249:10:249:33":7,"s:251:8:255:Infinity":124,"s:252:12:252:Infinity":125,"s:254:12:254:Infinity":126,"s:257:20:257:Infinity":127,"f:257:57:257:62":8,"s:257:62:257:76":128,"s:258:8:258:Infinity":129,"s:260:8:268:Infinity":130,"s:261:12:267:Infinity":131,"s:263:16:263:Infinity":132,"s:264:16:264:Infinity":133,"s:266:16:266:Infinity":134,"b:270:8:272:Infinity:undefined:undefined:undefined:undefined":45,"s:270:8:272:Infinity":135,"s:271:12:271:Infinity":136,"s:274:8:274:Infinity":137,"s:275:8:275:Infinity":138,"s:277:24:277:Infinity":139,"s:278:8:278:Infinity":140,"s:281:8:286:Infinity":141,"s:288:8:288:Infinity":142,"f:294:4:294:21":9,"s:295:19:295:Infinity":143,"b:296:8:296:Infinity:undefined:undefined:undefined:undefined":46,"s:296:8:296:Infinity":144,"s:296:17:296:Infinity":145,"s:298:27:298:Infinity":146,"s:299:24:299:Infinity":147,"s:300:8:304:Infinity":148,"f:300:27:300:32":10,"b:301:12:303:Infinity:undefined:undefined:undefined:undefined":47,"s:301:12:303:Infinity":149,"s:302:16:302:Infinity":150,"s:307:27:307:Infinity":151,"s:309:8:314:Infinity":152,"f:317:10:317:24":11,"s:319:14:319:Infinity":153,"s:320:8:322:Infinity":154,"s:321:12:321:Infinity":155,"s:323:8:323:Infinity":156,"f:326:10:326:25":12,"b:327:8:327:Infinity:undefined:undefined:undefined:undefined":48,"s:327:8:327:Infinity":157,"s:327:34:327:Infinity":158,"b:328:8:328:Infinity:undefined:undefined:undefined:undefined":49,"s:328:8:328:Infinity":159,"s:328:31:328:Infinity":160,"b:329:8:329:Infinity:undefined:undefined:undefined:undefined":50,"s:329:8:329:Infinity":161,"s:329:52:329:Infinity":162,"b:330:8:330:Infinity:undefined:undefined:undefined:undefined":51,"s:330:8:330:Infinity":163,"s:330:39:330:Infinity":164,"s:332:8:381:Infinity":165,"s:334:12:334:Infinity":166,"s:337:18:337:Infinity":167,"s:339:12:362:Infinity":168,"s:340:34:340:Infinity":169,"s:348:16:356:Infinity":170,"s:349:26:349:Infinity":171,"s:350:20:350:Infinity":172,"b:351:20:353:Infinity:undefined:undefined:undefined:undefined":52,"s:351:20:353:Infinity":173,"s:352:24:352:Infinity":174,"s:355:20:355:Infinity":175,"s:365:12:365:Infinity":176,"b:368:12:370:Infinity:undefined:undefined:undefined:undefined":53,"s:368:12:370:Infinity":177,"s:369:16:369:Infinity":178,"s:373:12:373:Infinity":179,"s:375:12:375:Infinity":180,"s:377:12:379:Infinity":181,"s:378:16:378:Infinity":182,"s:380:12:380:Infinity":183,"f:384:10:384:28":13,"b:385:8:385:Infinity:undefined:undefined:undefined:undefined":54,"s:385:8:385:Infinity":184,"s:385:39:385:Infinity":185,"s:387:8:387:Infinity":186,"s:389:14:389:Infinity":187,"s:390:8:401:Infinity":188,"s:391:30:391:Infinity":189,"s:392:12:400:Infinity":190,"s:393:22:393:Infinity":191,"s:394:16:394:Infinity":192,"b:395:16:397:Infinity:undefined:undefined:undefined:undefined":55,"s:395:16:397:Infinity":193,"s:396:20:396:Infinity":194,"s:399:16:399:Infinity":195,"s:408:8:408:Infinity":196,"f:411:10:411:25":14,"b:412:8:412:Infinity:undefined:undefined:undefined:undefined":56,"s:412:8:412:Infinity":197,"s:412:38:412:Infinity":198,"b:414:8:416:Infinity:undefined:undefined:undefined:undefined":57,"s:414:8:416:Infinity":199,"s:415:12:415:Infinity":200,"s:418:8:418:Infinity":201,"s:419:8:419:Infinity":202,"f:422:10:422:25":15,"b:423:8:423:Infinity:undefined:undefined:undefined:undefined":58,"s:423:8:423:Infinity":203,"s:423:39:423:Infinity":204,"b:424:8:424:Infinity:undefined:undefined:undefined:undefined":59,"s:424:8:424:Infinity":205,"s:424:33:424:Infinity":206,"b:425:8:425:Infinity:undefined:undefined:undefined:undefined":60,"s:425:8:425:Infinity":207,"s:425:30:425:Infinity":208,"b:426:8:426:Infinity:undefined:undefined:undefined:undefined":61,"s:426:8:426:Infinity":209,"s:426:51:426:Infinity":210,"s:428:8:428:Infinity":211,"s:429:8:429:Infinity":212,"f:432:10:432:25":16,"b:433:8:433:Infinity:undefined:undefined:undefined:undefined":62,"s:433:8:433:Infinity":213,"s:433:39:433:Infinity":214,"s:436:19:436:Infinity":215,"s:437:8:437:Infinity":216,"s:439:14:439:Infinity":217,"s:440:8:476:Infinity":218,"s:441:30:441:Infinity":219,"s:444:18:444:Infinity":220,"b:445:12:452:Infinity:undefined:undefined:undefined:undefined":63,"s:445:12:452:Infinity":221,"s:446:32:446:Infinity":222,"b:446:32:446:64:446:64:446:Infinity":64,"s:451:16:451:Infinity":223,"s:455:18:455:Infinity":224,"b:456:12:474:Infinity:undefined:undefined:undefined:undefined":65,"s:456:12:474:Infinity":225,"s:458:34:458:Infinity":226,"s:459:16:473:Infinity":227,"s:459:29:459:32":228,"s:460:34:460:Infinity":229,"s:462:35:470:Infinity":230,"f:462:45:462:52":17,"s:463:37:468:Infinity":231,"f:463:60:463:65":18,"b:464:28:464:Infinity:undefined:undefined:undefined:undefined":66,"s:464:28:464:Infinity":232,"b:464:32:464:46:464:46:464:63":67,"s:464:63:464:Infinity":233,"b:465:28:465:Infinity:undefined:undefined:undefined:undefined":68,"s:465:28:465:Infinity":234,"s:465:55:465:Infinity":235,"b:466:28:466:Infinity:undefined:undefined:undefined:undefined":69,"s:466:28:466:Infinity":236,"s:466:51:466:Infinity":237,"s:467:28:467:Infinity":238,"s:469:24:469:Infinity":239,"s:472:20:472:Infinity":240,"s:475:12:475:Infinity":241,"s:478:8:478:Infinity":242,"f:481:10:481:25":19,"s:497:8:542:Infinity":243,"s:510:31:510:Infinity":244,"s:513:31:515:Infinity":245,"f:514:21:514:26":20,"s:514:26:514:34":246,"f:515:24:515:29":21,"s:515:29:515:64":247,"b:515:29:515:45:515:45:515:64":70,"s:517:12:524:Infinity":248,"b:519:16:519:Infinity:undefined:undefined:undefined:undefined":71,"s:519:16:519:Infinity":249,"b:519:20:519:48:519:48:519:75":72,"s:519:75:519:Infinity":250,"s:523:16:523:Infinity":251,"b:532:12:536:Infinity:534:12:536:Infinity":73,"s:532:12:536:Infinity":252,"b:532:16:532:32:532:32:532:59":74,"s:533:16:533:Infinity":253,"b:534:12:536:Infinity:undefined:undefined:undefined:undefined":75,"s:534:12:536:Infinity":254,"s:535:16:535:Infinity":255,"s:538:12:538:Infinity":256,"s:540:12:540:Infinity":257,"s:541:12:541:Infinity":258}}}
,"/home/diego/Documentos/projects/obsidian-sql/src/core/QueryExecutor.ts": {"path":"/home/diego/Documentos/projects/obsidian-sql/src/core/QueryExecutor.ts","statementMap":{"0":{"start":{"line":19,"column":8},"end":{"line":38,"column":null}},"1":{"start":{"line":20,"column":30},"end":{"line":20,"column":null}},"2":{"start":{"line":20,"column":47},"end":{"line":20,"column":83}},"3":{"start":{"line":22,"column":12},"end":{"line":27,"column":null}},"4":{"start":{"line":23,"column":16},"end":{"line":26,"column":null}},"5":{"start":{"line":24,"column":20},"end":{"line":24,"column":null}},"6":{"start":{"line":25,"column":20},"end":{"line":25,"column":null}},"7":{"start":{"line":29,"column":28},"end":{"line":29,"column":null}},"8":{"start":{"line":31,"column":12},"end":{"line":37,"column":null}},"9":{"start":{"line":32,"column":16},"end":{"line":32,"column":null}},"10":{"start":{"line":33,"column":16},"end":{"line":33,"column":null}},"11":{"start":{"line":35,"column":16},"end":{"line":35,"column":null}},"12":{"start":{"line":36,"column":16},"end":{"line":36,"column":null}},"13":{"start":{"line":42,"column":24},"end":{"line":42,"column":null}},"14":{"start":{"line":43,"column":8},"end":{"line":43,"column":null}},"15":{"start":{"line":45,"column":24},"end":{"line":45,"column":null}},"16":{"start":{"line":47,"column":8},"end":{"line":167,"column":null}},"17":{"start":{"line":48,"column":29},"end":{"line":48,"column":null}},"18":{"start":{"line":49,"column":29},"end":{"line":49,"column":null}},"19":{"start":{"line":52,"column":12},"end":{"line":54,"column":null}},"20":{"start":{"line":53,"column":16},"end":{"line":53,"column":null}},"21":{"start":{"line":57,"column":12},"end":{"line":62,"column":null}},"22":{"start":{"line":58,"column":33},"end":{"line":58,"column":null}},"23":{"start":{"line":59,"column":16},"end":{"line":61,"column":null}},"24":{"start":{"line":60,"column":20},"end":{"line":60,"column":null}},"25":{"start":{"line":65,"column":31},"end":{"line":68,"column":null}},"26":{"start":{"line":67,"column":26},"end":{"line":67,"column":34}},"27":{"start":{"line":68,"column":29},"end":{"line":68,"column":41}},"28":{"start":{"line":71,"column":12},"end":{"line":122,"column":null}},"29":{"start":{"line":72,"column":39},"end":{"line":72,"column":null}},"30":{"start":{"line":74,"column":16},"end":{"line":116,"column":null}},"31":{"start":{"line":74,"column":29},"end":{"line":74,"column":32}},"32":{"start":{"line":75,"column":31},"end":{"line":75,"column":null}},"33":{"start":{"line":76,"column":38},"end":{"line":76,"column":null}},"34":{"start":{"line":79,"column":45},"end":{"line":79,"column":null}},"35":{"start":{"line":80,"column":20},"end":{"line":84,"column":null}},"36":{"start":{"line":81,"column":24},"end":{"line":83,"column":null}},"37":{"start":{"line":82,"column":28},"end":{"line":82,"column":null}},"38":{"start":{"line":87,"column":20},"end":{"line":94,"column":null}},"39":{"start":{"line":88,"column":53},"end":{"line":88,"column":null}},"40":{"start":{"line":89,"column":24},"end":{"line":93,"column":null}},"41":{"start":{"line":90,"column":28},"end":{"line":92,"column":null}},"42":{"start":{"line":91,"column":32},"end":{"line":91,"column":null}},"43":{"start":{"line":97,"column":37},"end":{"line":97,"column":null}},"44":{"start":{"line":98,"column":20},"end":{"line":104,"column":null}},"45":{"start":{"line":99,"column":38},"end":{"line":99,"column":null}},"46":{"start":{"line":100,"column":24},"end":{"line":100,"column":null}},"47":{"start":{"line":100,"column":54},"end":{"line":100,"column":null}},"48":{"start":{"line":101,"column":24},"end":{"line":101,"column":null}},"49":{"start":{"line":102,"column":24},"end":{"line":102,"column":null}},"50":{"start":{"line":103,"column":24},"end":{"line":103,"column":null}},"51":{"start":{"line":107,"column":20},"end":{"line":111,"column":null}},"52":{"start":{"line":108,"column":43},"end":{"line":108,"column":null}},"53":{"start":{"line":109,"column":24},"end":{"line":109,"column":null}},"54":{"start":{"line":110,"column":24},"end":{"line":110,"column":null}},"55":{"start":{"line":113,"column":20},"end":{"line":113,"column":null}},"56":{"start":{"line":114,"column":35},"end":{"line":114,"column":null}},"57":{"start":{"line":115,"column":20},"end":{"line":115,"column":null}},"58":{"start":{"line":118,"column":16},"end":{"line":118,"column":null}},"59":{"start":{"line":119,"column":39},"end":{"line":119,"column":null}},"60":{"start":{"line":120,"column":16},"end":{"line":120,"column":null}},"61":{"start":{"line":121,"column":16},"end":{"line":121,"column":null}},"62":{"start":{"line":125,"column":28},"end":{"line":125,"column":null}},"63":{"start":{"line":126,"column":33},"end":{"line":126,"column":null}},"64":{"start":{"line":129,"column":29},"end":{"line":129,"column":null}},"65":{"start":{"line":130,"column":12},"end":{"line":134,"column":null}},"66":{"start":{"line":131,"column":30},"end":{"line":131,"column":null}},"67":{"start":{"line":132,"column":16},"end":{"line":132,"column":null}},"68":{"start":{"line":132,"column":46},"end":{"line":132,"column":null}},"69":{"start":{"line":133,"column":16},"end":{"line":133,"column":null}},"70":{"start":{"line":137,"column":37},"end":{"line":137,"column":null}},"71":{"start":{"line":138,"column":12},"end":{"line":140,"column":null}},"72":{"start":{"line":139,"column":16},"end":{"line":139,"column":null}},"73":{"start":{"line":139,"column":43},"end":{"line":139,"column":null}},"74":{"start":{"line":143,"column":12},"end":{"line":148,"column":null}},"75":{"start":{"line":144,"column":45},"end":{"line":144,"column":null}},"76":{"start":{"line":145,"column":16},"end":{"line":147,"column":null}},"77":{"start":{"line":146,"column":20},"end":{"line":146,"column":null}},"78":{"start":{"line":146,"column":47},"end":{"line":146,"column":null}},"79":{"start":{"line":150,"column":42},"end":{"line":150,"column":null}},"80":{"start":{"line":151,"column":29},"end":{"line":151,"column":null}},"81":{"start":{"line":152,"column":12},"end":{"line":152,"column":null}},"82":{"start":{"line":154,"column":30},"end":{"line":154,"column":null}},"83":{"start":{"line":155,"column":35},"end":{"line":155,"column":null}},"84":{"start":{"line":157,"column":12},"end":{"line":157,"column":null}},"85":{"start":{"line":158,"column":12},"end":{"line":158,"column":null}},"86":{"start":{"line":160,"column":12},"end":{"line":160,"column":null}},"87":{"start":{"line":163,"column":12},"end":{"line":163,"column":null}},"88":{"start":{"line":164,"column":36},"end":{"line":164,"column":null}},"89":{"start":{"line":165,"column":38},"end":{"line":165,"column":null}},"90":{"start":{"line":166,"column":12},"end":{"line":166,"column":null}},"91":{"start":{"line":171,"column":22},"end":{"line":171,"column":null}},"92":{"start":{"line":172,"column":8},"end":{"line":178,"column":null}},"93":{"start":{"line":173,"column":25},"end":{"line":173,"column":null}},"94":{"start":{"line":174,"column":29},"end":{"line":174,"column":null}},"95":{"start":{"line":175,"column":12},"end":{"line":177,"column":null}},"96":{"start":{"line":176,"column":16},"end":{"line":176,"column":null}},"97":{"start":{"line":179,"column":8},"end":{"line":181,"column":null}},"98":{"start":{"line":180,"column":12},"end":{"line":180,"column":null}},"99":{"start":{"line":182,"column":8},"end":{"line":182,"column":null}},"100":{"start":{"line":186,"column":8},"end":{"line":186,"column":null}},"101":{"start":{"line":186,"column":47},"end":{"line":186,"column":null}},"102":{"start":{"line":187,"column":8},"end":{"line":189,"column":null}},"103":{"start":{"line":187,"column":48},"end":{"line":187,"column":145}},"104":{"start":{"line":188,"column":12},"end":{"line":188,"column":null}},"105":{"start":{"line":188,"column":34},"end":{"line":188,"column":59}},"106":{"start":{"line":190,"column":8},"end":{"line":190,"column":null}},"107":{"start":{"line":194,"column":8},"end":{"line":194,"column":null}},"108":{"start":{"line":194,"column":47},"end":{"line":194,"column":null}},"109":{"start":{"line":197,"column":8},"end":{"line":199,"column":null}},"110":{"start":{"line":198,"column":12},"end":{"line":198,"column":null}},"111":{"start":{"line":200,"column":8},"end":{"line":206,"column":null}},"112":{"start":{"line":201,"column":12},"end":{"line":201,"column":null}},"113":{"start":{"line":201,"column":34},"end":{"line":201,"column":null}},"114":{"start":{"line":202,"column":12},"end":{"line":204,"column":null}},"115":{"start":{"line":203,"column":16},"end":{"line":203,"column":null}},"116":{"start":{"line":205,"column":12},"end":{"line":205,"column":null}},"117":{"start":{"line":207,"column":8},"end":{"line":207,"column":null}},"118":{"start":{"line":207,"column":37},"end":{"line":207,"column":null}},"119":{"start":{"line":208,"column":8},"end":{"line":208,"column":null}},"120":{"start":{"line":212,"column":22},"end":{"line":212,"column":null}},"121":{"start":{"line":212,"column":49},"end":{"line":212,"column":57}},"122":{"start":{"line":212,"column":71},"end":{"line":212,"column":83}},"123":{"start":{"line":213,"column":26},"end":{"line":213,"column":null}},"124":{"start":{"line":214,"column":27},"end":{"line":214,"column":null}},"125":{"start":{"line":215,"column":8},"end":{"line":215,"column":null}},"126":{"start":{"line":215,"column":25},"end":{"line":215,"column":null}},"127":{"start":{"line":217,"column":28},"end":{"line":217,"column":null}},"128":{"start":{"line":218,"column":8},"end":{"line":218,"column":null}},"129":{"start":{"line":218,"column":42},"end":{"line":218,"column":null}},"130":{"start":{"line":219,"column":26},"end":{"line":219,"column":null}},"131":{"start":{"line":221,"column":29},"end":{"line":221,"column":null}},"132":{"start":{"line":222,"column":28},"end":{"line":222,"column":null}},"133":{"start":{"line":223,"column":8},"end":{"line":238,"column":null}},"134":{"start":{"line":225,"column":12},"end":{"line":225,"column":null}},"135":{"start":{"line":226,"column":12},"end":{"line":231,"column":null}},"136":{"start":{"line":227,"column":16},"end":{"line":227,"column":null}},"137":{"start":{"line":230,"column":16},"end":{"line":230,"column":null}},"138":{"start":{"line":233,"column":12},"end":{"line":235,"column":null}},"139":{"start":{"line":234,"column":16},"end":{"line":234,"column":null}},"140":{"start":{"line":237,"column":12},"end":{"line":237,"column":null}},"141":{"start":{"line":240,"column":138},"end":{"line":240,"column":null}},"142":{"start":{"line":241,"column":8},"end":{"line":262,"column":null}},"143":{"start":{"line":241,"column":21},"end":{"line":241,"column":24}},"144":{"start":{"line":242,"column":25},"end":{"line":242,"column":null}},"145":{"start":{"line":243,"column":12},"end":{"line":247,"column":null}},"146":{"start":{"line":244,"column":34},"end":{"line":244,"column":null}},"147":{"start":{"line":245,"column":16},"end":{"line":245,"column":null}},"148":{"start":{"line":246,"column":16},"end":{"line":246,"column":null}},"149":{"start":{"line":249,"column":31},"end":{"line":249,"column":null}},"150":{"start":{"line":250,"column":12},"end":{"line":261,"column":null}},"151":{"start":{"line":251,"column":70},"end":{"line":251,"column":null}},"152":{"start":{"line":252,"column":34},"end":{"line":252,"column":null}},"153":{"start":{"line":253,"column":16},"end":{"line":260,"column":null}},"154":{"start":{"line":258,"column":73},"end":{"line":258,"column":103}},"155":{"start":{"line":264,"column":25},"end":{"line":286,"column":null}},"156":{"start":{"line":268,"column":29},"end":{"line":268,"column":null}},"157":{"start":{"line":269,"column":31},"end":{"line":269,"column":null}},"158":{"start":{"line":272,"column":31},"end":{"line":272,"column":null}},"159":{"start":{"line":273,"column":29},"end":{"line":273,"column":null}},"160":{"start":{"line":275,"column":16},"end":{"line":284,"column":null}},"161":{"start":{"line":288,"column":8},"end":{"line":293,"column":null}},"162":{"start":{"line":297,"column":8},"end":{"line":297,"column":null}},"163":{"start":{"line":297,"column":22},"end":{"line":297,"column":null}},"164":{"start":{"line":298,"column":21},"end":{"line":298,"column":null}},"165":{"start":{"line":299,"column":8},"end":{"line":299,"column":null}},"166":{"start":{"line":299,"column":81},"end":{"line":299,"column":97}},"167":{"start":{"line":299,"column":100},"end":{"line":299,"column":null}},"168":{"start":{"line":300,"column":8},"end":{"line":300,"column":null}},"169":{"start":{"line":300,"column":60},"end":{"line":300,"column":null}},"170":{"start":{"line":301,"column":8},"end":{"line":301,"column":null}},"171":{"start":{"line":301,"column":63},"end":{"line":301,"column":null}},"172":{"start":{"line":302,"column":8},"end":{"line":302,"column":null}},"173":{"start":{"line":306,"column":31},"end":{"line":306,"column":null}},"174":{"start":{"line":307,"column":33},"end":{"line":307,"column":null}},"175":{"start":{"line":308,"column":30},"end":{"line":308,"column":null}},"176":{"start":{"line":310,"column":8},"end":{"line":351,"column":null}},"177":{"start":{"line":311,"column":29},"end":{"line":311,"column":null}},"178":{"start":{"line":312,"column":12},"end":{"line":350,"column":null}},"179":{"start":{"line":312,"column":41},"end":{"line":312,"column":64}},"180":{"start":{"line":313,"column":16},"end":{"line":349,"column":null}},"181":{"start":{"line":314,"column":33},"end":{"line":314,"column":null}},"182":{"start":{"line":315,"column":42},"end":{"line":339,"column":null}},"183":{"start":{"line":316,"column":24},"end":{"line":316,"column":null}},"184":{"start":{"line":316,"column":35},"end":{"line":316,"column":null}},"185":{"start":{"line":317,"column":24},"end":{"line":320,"column":null}},"186":{"start":{"line":318,"column":40},"end":{"line":318,"column":null}},"187":{"start":{"line":319,"column":28},"end":{"line":319,"column":null}},"188":{"start":{"line":321,"column":24},"end":{"line":324,"column":null}},"189":{"start":{"line":322,"column":40},"end":{"line":322,"column":null}},"190":{"start":{"line":323,"column":28},"end":{"line":323,"column":null}},"191":{"start":{"line":325,"column":24},"end":{"line":332,"column":null}},"192":{"start":{"line":326,"column":28},"end":{"line":331,"column":null}},"193":{"start":{"line":327,"column":32},"end":{"line":330,"column":null}},"194":{"start":{"line":328,"column":48},"end":{"line":328,"column":null}},"195":{"start":{"line":329,"column":36},"end":{"line":329,"column":null}},"196":{"start":{"line":333,"column":24},"end":{"line":336,"column":null}},"197":{"start":{"line":334,"column":40},"end":{"line":334,"column":null}},"198":{"start":{"line":335,"column":28},"end":{"line":335,"column":null}},"199":{"start":{"line":337,"column":24},"end":{"line":338,"column":null}},"200":{"start":{"line":337,"column":49},"end":{"line":337,"column":null}},"201":{"start":{"line":337,"column":75},"end":{"line":338,"column":null}},"202":{"start":{"line":338,"column":59},"end":{"line":338,"column":null}},"203":{"start":{"line":338,"column":92},"end":{"line":338,"column":133}},"204":{"start":{"line":340,"column":20},"end":{"line":340,"column":null}},"205":{"start":{"line":341,"column":20},"end":{"line":341,"column":null}},"206":{"start":{"line":341,"column":118},"end":{"line":341,"column":null}},"207":{"start":{"line":343,"column":39},"end":{"line":343,"column":null}},"208":{"start":{"line":345,"column":20},"end":{"line":348,"column":null}},"209":{"start":{"line":346,"column":46},"end":{"line":346,"column":null}},"210":{"start":{"line":347,"column":24},"end":{"line":347,"column":null}},"211":{"start":{"line":353,"column":8},"end":{"line":356,"column":null}},"212":{"start":{"line":354,"column":27},"end":{"line":354,"column":null}},"213":{"start":{"line":354,"column":63},"end":{"line":354,"column":78}},"214":{"start":{"line":355,"column":12},"end":{"line":355,"column":null}}},"fnMap":{"0":{"name":"(anonymous_0)","decl":{"start":{"line":13,"column":25},"end":{"line":13,"column":null}},"loc":{"start":{"line":18,"column":20},"end":{"line":39,"column":null}},"line":18},"1":{"name":"(anonymous_1)","decl":{"start":{"line":19,"column":27},"end":{"line":19,"column":28}},"loc":{"start":{"line":19,"column":48},"end":{"line":38,"column":9}},"line":19},"2":{"name":"(anonymous_2)","decl":{"start":{"line":20,"column":41},"end":{"line":20,"column":47}},"loc":{"start":{"line":20,"column":47},"end":{"line":20,"column":83}},"line":20},"3":{"name":"(anonymous_3)","decl":{"start":{"line":23,"column":49},"end":{"line":23,"column":55}},"loc":{"start":{"line":23,"column":55},"end":{"line":26,"column":17}},"line":23},"4":{"name":"(anonymous_4)","decl":{"start":{"line":31,"column":25},"end":{"line":31,"column":26}},"loc":{"start":{"line":31,"column":39},"end":{"line":34,"column":13}},"line":31},"5":{"name":"(anonymous_5)","decl":{"start":{"line":34,"column":21},"end":{"line":34,"column":22}},"loc":{"start":{"line":34,"column":35},"end":{"line":37,"column":13}},"line":34},"6":{"name":"(anonymous_6)","decl":{"start":{"line":41,"column":17},"end":{"line":41,"column":25}},"loc":{"start":{"line":41,"column":200},"end":{"line":168,"column":null}},"line":41},"7":{"name":"(anonymous_7)","decl":{"start":{"line":67,"column":21},"end":{"line":67,"column":26}},"loc":{"start":{"line":67,"column":26},"end":{"line":67,"column":34}},"line":67},"8":{"name":"(anonymous_8)","decl":{"start":{"line":68,"column":24},"end":{"line":68,"column":29}},"loc":{"start":{"line":68,"column":29},"end":{"line":68,"column":41}},"line":68},"9":{"name":"(anonymous_9)","decl":{"start":{"line":170,"column":19},"end":{"line":170,"column":33}},"loc":{"start":{"line":170,"column":58},"end":{"line":183,"column":null}},"line":170},"10":{"name":"(anonymous_10)","decl":{"start":{"line":185,"column":19},"end":{"line":185,"column":35}},"loc":{"start":{"line":185,"column":58},"end":{"line":191,"column":null}},"line":185},"11":{"name":"(anonymous_11)","decl":{"start":{"line":187,"column":43},"end":{"line":187,"column":48}},"loc":{"start":{"line":187,"column":48},"end":{"line":187,"column":145}},"line":187},"12":{"name":"(anonymous_12)","decl":{"start":{"line":188,"column":27},"end":{"line":188,"column":34}},"loc":{"start":{"line":188,"column":34},"end":{"line":188,"column":59}},"line":188},"13":{"name":"(anonymous_13)","decl":{"start":{"line":193,"column":19},"end":{"line":193,"column":35}},"loc":{"start":{"line":193,"column":56},"end":{"line":209,"column":null}},"line":193},"14":{"name":"(anonymous_14)","decl":{"start":{"line":211,"column":25},"end":{"line":211,"column":43}},"loc":{"start":{"line":211,"column":127},"end":{"line":294,"column":null}},"line":211},"15":{"name":"(anonymous_15)","decl":{"start":{"line":212,"column":44},"end":{"line":212,"column":49}},"loc":{"start":{"line":212,"column":49},"end":{"line":212,"column":57}},"line":212},"16":{"name":"(anonymous_16)","decl":{"start":{"line":212,"column":66},"end":{"line":212,"column":71}},"loc":{"start":{"line":212,"column":71},"end":{"line":212,"column":83}},"line":212},"17":{"name":"(anonymous_17)","decl":{"start":{"line":258,"column":68},"end":{"line":258,"column":73}},"loc":{"start":{"line":258,"column":73},"end":{"line":258,"column":103}},"line":258},"18":{"name":"(anonymous_18)","decl":{"start":{"line":267,"column":32},"end":{"line":267,"column":39}},"loc":{"start":{"line":267,"column":39},"end":{"line":285,"column":13}},"line":267},"19":{"name":"(anonymous_19)","decl":{"start":{"line":296,"column":19},"end":{"line":296,"column":37}},"loc":{"start":{"line":296,"column":63},"end":{"line":303,"column":null}},"line":296},"20":{"name":"(anonymous_20)","de
[...]
5,"s:212:49:212:57":121,"f:212:66:212:71":16,"s:212:71:212:83":122,"s:213:26:213:Infinity":123,"s:214:27:214:Infinity":124,"b:215:8:215:Infinity:undefined:undefined:undefined:undefined":42,"s:215:8:215:Infinity":125,"s:215:25:215:Infinity":126,"s:217:28:217:Infinity":127,"b:218:8:218:Infinity:undefined:undefined:undefined:undefined":43,"s:218:8:218:Infinity":128,"s:218:42:218:Infinity":129,"s:219:26:219:Infinity":130,"s:221:29:221:Infinity":131,"s:222:28:222:Infinity":132,"s:223:8:238:Infinity":133,"s:225:12:225:Infinity":134,"b:226:12:231:Infinity:228:19:231:Infinity":44,"s:226:12:231:Infinity":135,"b:226:16:226:28:226:28:226:46":45,"s:227:16:227:Infinity":136,"s:230:16:230:Infinity":137,"b:233:12:235:Infinity:undefined:undefined:undefined:undefined":46,"s:233:12:235:Infinity":138,"b:233:16:233:28:233:28:233:50":47,"s:234:16:234:Infinity":139,"s:237:12:237:Infinity":140,"s:240:138:240:Infinity":141,"s:241:8:262:Infinity":142,"s:241:21:241:24":143,"s:242:25:242:Infinity":144,"b:243:12:247:Infinity:undefined:undefined:undefined:undefined":48,"s:243:12:247:Infinity":145,"s:244:34:244:Infinity":146,"s:245:16:245:Infinity":147,"s:246:16:246:Infinity":148,"s:249:31:249:Infinity":149,"b:250:12:261:Infinity:undefined:undefined:undefined:undefined":49,"s:250:12:261:Infinity":150,"s:251:70:251:Infinity":151,"s:252:34:252:Infinity":152,"s:253:16:260:Infinity":153,"b:258:42:258:107:258:107:258:Infinity":50,"f:258:68:258:73":17,"s:258:73:258:103":154,"s:264:25:286:Infinity":155,"f:267:32:267:39":18,"s:268:29:268:Infinity":156,"s:269:31:269:Infinity":157,"b:269:31:269:53:269:53:269:Infinity":51,"s:272:31:272:Infinity":158,"b:272:34:272:55:272:55:272:77:272:77:272:Infinity":52,"s:273:29:273:Infinity":159,"b:273:29:273:46:273:46:273:71:273:71:273:Infinity":53,"s:275:16:284:Infinity":160,"b:277:26:277:41:277:41:277:Infinity":54,"b:278:27:278:43:278:43:278:Infinity":55,"b:280:70:280:92:280:92:280:Infinity":56,"b:283:37:283:47:283:47:283:65:283:65:283:82:283:82:283:Infinity":57,"s:288:8:293:Infinity":161,"f:296:19:296:37":19,"b:297:8:297:Infinity:undefined:undefined:undefined:undefined":58,"s:297:8:297:Infinity":162,"s:297:22:297:Infinity":163,"s:298:21:298:Infinity":164,"b:299:8:299:Infinity:undefined:undefined:undefined:undefined":59,"s:299:8:299:Infinity":165,"f:299:76:299:81":20,"s:299:81:299:97":166,"s:299:100:299:Infinity":167,"b:300:8:300:Infinity:undefined:undefined:undefined:undefined":60,"s:300:8:300:Infinity":168,"b:300:12:300:37:300:37:300:60":61,"s:300:60:300:Infinity":169,"b:301:8:301:Infinity:undefined:undefined:undefined:undefined":62,"s:301:8:301:Infinity":170,"b:301:12:301:40:301:40:301:63":63,"s:301:63:301:Infinity":171,"s:302:8:302:Infinity":172,"f:305:19:305:36":21,"s:306:31:306:Infinity":173,"s:307:33:307:Infinity":174,"s:308:30:308:Infinity":175,"s:310:8:351:Infinity":176,"s:311:29:311:Infinity":177,"b:312:12:350:Infinity:undefined:undefined:undefined:undefined":64,"s:312:12:350:Infinity":178,"f:312:35:312:41":22,"s:312:41:312:64":179,"s:313:16:349:Infinity":180,"s:314:33:314:Infinity":181,"s:315:42:339:Infinity":182,"f:315:42:315:43":23,"b:316:24:316:Infinity:undefined:undefined:undefined:undefined":65,"s:316:24:316:Infinity":183,"s:316:35:316:Infinity":184,"b:317:24:320:Infinity:undefined:undefined:undefined:undefined":66,"s:317:24:320:Infinity":185,"b:317:28:317:41:317:41:317:60":67,"s:318:40:318:Infinity":186,"s:319:28:319:Infinity":187,"b:319:67:319:91:319:91:319:94":68,"b:321:24:324:Infinity:undefined:undefined:undefined:undefined":69,"s:321:24:324:Infinity":188,"s:322:40:322:Infinity":189,"s:323:28:323:Infinity":190,"b:323:67:323:91:323:91:323:94":70,"b:325:24:332:Infinity:undefined:undefined:undefined:undefined":71,"s:325:24:332:Infinity":191,"b:325:28:325:41:325:41:325:67":72,"s:326:28:331:Infinity":192,"f:326:46:326:47":24,"b:327:32:330:Infinity:undefined:undefined:undefined:undefined":73,"s:327:32:330:Infinity":193,"s:328:48:328:Infinity":194,"s:329:36:329:Infinity":195,"b:329:75:329:99:329:99:329:102":74,"b:333:24:336:Infinity:undefined:undefined:undefined:undefined":75,"s:333:24:336:Infinity":196,"b:333:28:333:42:333:42:333:62":76,"s:334:40:334:Infinity":197,"s:335:28:335:Infinity":198,"b:335:67:335:91:335:91:335:94":77,"b:337:24:338:Infinity:337:75:338:Infinity":78,"s:337:24:338:Infinity":199,"s:337:49:337:Infinity":200,"b:337:75:338:Infinity:undefined:undefined:undefined:undefined":79,"s:337:75:338:Infinity":201,"s:338:59:338:Infinity":202,"f:338:87:338:92":25,"s:338:92:338:133":203,"b:338:92:338:117:338:117:338:133":80,"s:340:20:340:Infinity":204,"b:341:20:341:Infinity:undefined:undefined:undefined:undefined":81,"s:341:20:341:Infinity":205,"b:341:24:341:57:341:57:341:88:341:88:341:118":82,"s:341:118:341:Infinity":206,"s:343:39:343:Infinity":207,"s:345:20:348:Infinity":208,"s:346:46:346:Infinity":209,"s:347:24:347:Infinity":210,"b:353:8:356:Infinity:undefined:undefined:undefined:undefined":83,"s:353:8:356:Infinity":211,"b:353:12:353:39:353:39:353:59":84,"s:354:27:354:Infinity":212,"f:354:58:354:63":26,"s:354:63:354:78":213,"s:355:12:355:Infinity":214,"b:355:117:355:129:355:129:355:139":85}}}
,"/home/diego/Documentos/projects/obsidian-sql/src/utils/Logger.ts": {"path":"/home/diego/Documentos/projects/obsidian-sql/src/utils/Logger.ts","statementMap":{"0":{"start":{"line":2,"column":4},"end":{"line":2,"column":null}},"1":{"start":{"line":3,"column":4},"end":{"line":3,"column":null}},"2":{"start":{"line":4,"column":4},"end":{"line":4,"column":null}},"3":{"start":{"line":7,"column":8},"end":{"line":7,"column":null}},"4":{"start":{"line":11,"column":22},"end":{"line":11,"column":null}},"5":{"start":{"line":12,"column":8},"end":{"line":12,"column":null}},"6":{"start":{"line":13,"column":8},"end":{"line":13,"column":null}},"7":{"start":{"line":13,"column":46},"end":{"line":13,"column":null}},"8":{"start":{"line":15,"column":27},"end":{"line":15,"column":null}},"9":{"start":{"line":16,"column":8},"end":{"line":21,"column":null}},"10":{"start":{"line":16,"column":31},"end":{"line":16,"column":null}},"11":{"start":{"line":16,"column":61},"end":{"line":21,"column":null}},"12":{"start":{"line":17,"column":35},"end":{"line":17,"column":null}},"13":{"start":{"line":17,"column":64},"end":{"line":21,"column":null}},"14":{"start":{"line":19,"column":12},"end":{"line":20,"column":null}},"15":{"start":{"line":19,"column":36},"end":{"line":19,"column":null}},"16":{"start":{"line":20,"column":17},"end":{"line":20,"column":null}},"17":{"start":{"line":24,"column":43},"end":{"line":24,"column":72}},"18":{"start":{"line":25,"column":43},"end":{"line":25,"column":72}},"19":{"start":{"line":26,"column":44},"end":{"line":26,"column":74}},"20":{"start":{"line":28,"column":23},"end":{"line":28,"column":41}}},"fnMap":{"0":{"name":"(anonymous_0)","decl":{"start":{"line":6,"column":11},"end":{"line":6,"column":22}},"loc":{"start":{"line":6,"column":40},"end":{"line":8,"column":null}},"line":6},"1":{"name":"(anonymous_1)","decl":{"start":{"line":10,"column":11},"end":{"line":10,"column":15}},"loc":{"start":{"line":10,"column":74},"end":{"line":22,"column":null}},"line":10},"2":{"name":"(anonymous_2)","decl":{"start":{"line":24,"column":11},"end":{"line":24,"column":16}},"loc":{"start":{"line":24,"column":41},"end":{"line":24,"column":null}},"line":24},"3":{"name":"(anonymous_3)","decl":{"start":{"line":25,"column":11},"end":{"line":25,"column":16}},"loc":{"start":{"line":25,"column":41},"end":{"line":25,"column":null}},"line":25},"4":{"name":"(anonymous_4)","decl":{"start":{"line":26,"column":11},"end":{"line":26,"column":17}},"loc":{"start":{"line":26,"column":42},"end":{"line":26,"column":null}},"line":26},"5":{"name":"(anonymous_5)","decl":{"start":{"line":28,"column":11},"end":{"line":28,"column":21}},"loc":{"start":{"line":28,"column":21},"end":{"line":28,"column":null}},"line":28}},"branchMap":{"0":{"loc":{"start":{"line":13,"column":8},"end":{"line":13,"column":null}},"type":"if","locations":[{"start":{"line":13,"column":8},"end":{"line":13,"column":null}},{"start":{},"end":{}}],"line":13},"1":{"loc":{"start":{"line":16,"column":8},"end":{"line":21,"column":null}},"type":"if","locations":[{"start":{"line":16,"column":8},"end":{"line":21,"column":null}},{"start":{"line":16,"column":61},"end":{"line":21,"column":null}}],"line":16},"2":{"loc":{"start":{"line":16,"column":61},"end":{"line":21,"column":null}},"type":"if","locations":[{"start":{"line":16,"column":61},"end":{"line":21,"column":null}},{"start":{"line":17,"column":64},"end":{"line":21,"column":null}}],"line":16},"3":{"loc":{"start":{"line":17,"column":64},"end":{"line":21,"column":null}},"type":"if","locations":[{"start":{"line":17,"column":64},"end":{"line":21,"column":null}},{"start":{},"end":{}}],"line":17},"4":{"loc":{"start":{"line":19,"column":12},"end":{"line":20,"column":null}},"type":"if","locations":[{"start":{"line":19,"column":12},"end":{"line":20,"column":null}},{"start":{"line":20,"column":17},"end":{"line":20,"column":null}}],"line":19}},"s":{"0":2,"1":2,"2":2,"3":0,"4":12,"5":12,"6":12,"7":0,"8":12,"9":12,"10":3,"11":9,"12":2,"13":7,"14":0,"15":0,"16":0,"17":7,"18":2,"19":3,"20":0},"f":{"0":2,"1":2,"2":2,"3":2,"4":2,"5":2},"b":{"0":[0,12],"1":[3,9],"2":[2,7],"3":[0,7],"4":[0,0]},"meta":{"lastBranch":5,"lastFunction":6,"lastStatement":21,"seen":{"s:2:4:2:Infinity":0,"s:3:4:3:Infinity":1,"s:4:4:4:Infinity":2,"f:6:11:6:22":0,"s:7:8:7:Infinity":3,"f:10:11:10:15":1,"s:11:22:11:Infinity":4,"s:12:8:12:Infinity":5,"b:13:8:13:Infinity:undefined:undefined:undefined:undefined":0,"s:13:8:13:Infinity":6,"s:13:46:13:Infinity":7,"s:15:27:15:Infinity":8,"b:16:8:21:Infinity:16:61:21:Infinity":1,"s:16:8:21:Infinity":9,"s:16:31:16:Infinity":10,"b:16:61:21:Infinity:17:64:21:Infinity":2,"s:16:61:21:Infinity":11,"s:17:35:17:Infinity":12,"b:17:64:21:Infinity:undefined:undefined:undefined:undefined":3,"s:17:64:21:Infinity":13,"b:19:12:20:Infinity:20:17:20:Infinity":4,"s:19:12:20:Infinity":14,"s:19:36:19:Infinity":15,"s:20:17:20:Infinity":16,"f:24:11:24:16":2,"s:24:43:24:72":17,"f:25:11:25:16":3,"s:25:43:25:72":18,"f:26:11:26:17":4,"s:26:44:26:74":19,"f:28:11:28:21":5,"s:28:23:28:41":20}}}
,"/home/diego/Documentos/projects/obsidian-sql/src/utils/PerformanceMonitor.ts": {"path":"/home/diego/Documentos/projects/obsidian-sql/src/utils/PerformanceMonitor.ts","statementMap":{"0":{"start":{"line":2,"column":4},"end":{"line":2,"column":null}},"1":{"start":{"line":5,"column":8},"end":{"line":5,"column":null}},"2":{"start":{"line":9,"column":8},"end":{"line":9,"column":null}}},"fnMap":{"0":{"name":"(anonymous_0)","decl":{"start":{"line":1,"column":7},"end":{"line":1,"column":13}},"loc":{"start":{"line":1,"column":7},"end":{"line":2,"column":null}},"line":1},"1":{"name":"(anonymous_1)","decl":{"start":{"line":4,"column":4},"end":{"line":4,"column":18}},"loc":{"start":{"line":4,"column":18},"end":{"line":6,"column":null}},"line":4},"2":{"name":"(anonymous_2)","decl":{"start":{"line":8,"column":4},"end":{"line":8,"column":18}},"loc":{"start":{"line":8,"column":18},"end":{"line":10,"column":null}},"line":8}},"branchMap":{},"s":{"0":8,"1":8,"2":11},"f":{"0":8,"1":8,"2":11},"b":{},"meta":{"lastBranch":0,"lastFunction":3,"lastStatement":3,"seen":{"f:1:7:1:13":0,"s:2:4:2:Infinity":0,"f:4:4:4:18":1,"s:5:8:5:Infinity":1,"f:8:4:8:18":2,"s:9:8:9:Infinity":2}}}
,"/home/diego/Documentos/projects/obsidian-sql/src/utils/SQLSanitizer.ts": {"path":"/home/diego/Documentos/projects/obsidian-sql/src/utils/SQLSanitizer.ts","statementMap":{"0":{"start":{"line":5,"column":22},"end":{"line":5,"column":null}},"1":{"start":{"line":7,"column":8},"end":{"line":9,"column":null}},"2":{"start":{"line":8,"column":12},"end":{"line":8,"column":null}},"3":{"start":{"line":11,"column":8},"end":{"line":11,"column":null}},"4":{"start":{"line":15,"column":8},"end":{"line":15,"column":null}},"5":{"start":{"line":19,"column":8},"end":{"line":19,"column":null}},"6":{"start":{"line":19,"column":51},"end":{"line":19,"column":null}},"7":{"start":{"line":20,"column":8},"end":{"line":20,"column":null}},"8":{"start":{"line":20,"column":39},"end":{"line":20,"column":null}},"9":{"start":{"line":21,"column":8},"end":{"line":21,"column":null}}},"fnMap":{"0":{"name":"(anonymous_0)","decl":{"start":{"line":4,"column":11},"end":{"line":4,"column":17}},"loc":{"start":{"line":4,"column":38},"end":{"line":12,"column":null}},"line":4},"1":{"name":"(anonymous_1)","decl":{"start":{"line":14,"column":11},"end":{"line":14,"column":30}},"loc":{"start":{"line":14,"column":52},"end":{"line":16,"column":null}},"line":14},"2":{"name":"(anonymous_2)","decl":{"start":{"line":18,"column":11},"end":{"line":18,"column":23}},"loc":{"start":{"line":18,"column":43},"end":{"line":22,"column":null}},"line":18}},"branchMap":{"0":{"loc":{"start":{"line":19,"column":8},"end":{"line":19,"column":null}},"type":"if","locations":[{"start":{"line":19,"column":8},"end":{"line":19,"column":null}},{"start":{},"end":{}}],"line":19},"1":{"loc":{"start":{"line":19,"column":12},"end":{"line":19,"column":51}},"type":"binary-expr","locations":[{"start":{"line":19,"column":12},"end":{"line":19,"column":30}},{"start":{"line":19,"column":30},"end":{"line":19,"column":51}}],"line":19},"2":{"loc":{"start":{"line":20,"column":8},"end":{"line":20,"column":null}},"type":"if","locations":[{"start":{"line":20,"column":8},"end":{"line":20,"column":null}},{"start":{},"end":{}}],"line":20}},"s":{"0":10,"1":10,"2":110,"3":10,"4":2,"5":4,"6":2,"7":2,"8":2,"9":1},"f":{"0":2,"1":2,"2":2},"b":{"0":[2,2],"1":[4,3],"2":[1,1]},"meta":{"lastBranch":3,"lastFunction":3,"lastStatement":10,"seen":{"f:4:11:4:17":0,"s:5:22:5:Infinity":0,"s:7:8:9:Infinity":1,"s:8:12:8:Infinity":2,"s:11:8:11:Infinity":3,"f:14:11:14:30":1,"s:15:8:15:Infinity":4,"f:18:11:18:23":2,"b:19:8:19:Infinity:undefined:undefined:undefined:undefined":0,"s:19:8:19:Infinity":5,"b:19:12:19:30:19:30:19:51":1,"s:19:51:19:Infinity":6,"b:20:8:20:Infinity:undefined:undefined:undefined:undefined":2,"s:20:8:20:Infinity":7,"s:20:39:20:Infinity":8,"s:21:8:21:Infinity":9}}}
,"/home/diego/Documentos/projects/obsidian-sql/src/utils/SQLTransformer.ts": {"path":"/home/diego/Documentos/projects/obsidian-sql/src/utils/SQLTransformer.ts","statementMap":{"0":{"start":{"line":9,"column":8},"end":{"line":9,"column":null}},"1":{"start":{"line":9,"column":48},"end":{"line":9,"column":null}},"2":{"start":{"line":10,"column":21},"end":{"line":10,"column":null}},"3":{"start":{"line":14,"column":29},"end":{"line":14,"column":null}},"4":{"start":{"line":17,"column":8},"end":{"line":18,"column":null}},"5":{"start":{"line":18,"column":25},"end":{"line":18,"column":66}},"6":{"start":{"line":21,"column":8},"end":{"line":22,"column":null}},"7":{"start":{"line":22,"column":22},"end":{"line":22,"column":52}},"8":{"start":{"line":25,"column":8},"end":{"line":26,"column":null}},"9":{"start":{"line":26,"column":22},"end":{"line":26,"column":51}},"10":{"start":{"line":29,"column":8},"end":{"line":30,"column":null}},"11":{"start":{"line":30,"column":22},"end":{"line":30,"column":52}},"12":{"start":{"line":33,"column":8},"end":{"line":37,"column":null}},"13":{"start":{"line":34,"column":27},"end":{"line":34,"column":null}},"14":{"start":{"line":35,"column":12},"end":{"line":35,"column":null}},"15":{"start":{"line":35,"column":117},"end":{"line":35,"column":null}},"16":{"start":{"line":36,"column":12},"end":{"line":36,"column":null}},"17":{"start":{"line":40,"column":8},"end":{"line":44,"column":null}},"18":{"start":{"line":41,"column":27},"end":{"line":41,"column":null}},"19":{"start":{"line":42,"column":12},"end":{"line":42,"column":null}},"20":{"start":{"line":42,"column":117},"end":{"line":42,"column":null}},"21":{"start":{"line":43,"column":12},"end":{"line":43,"column":null}},"22":{"start":{"line":46,"column":8},"end":{"line":46,"column":null}}},"fnMap":{"0":{"name":"(anonymous_0)","decl":{"start":{"line":8,"column":11},"end":{"line":8,"column":36}},"loc":{"start":{"line":8,"column":75},"end":{"line":47,"column":null}},"line":8},"1":{"name":"(anonymous_1)","decl":{"start":{"line":18,"column":12},"end":{"line":18,"column":13}},"loc":{"start":{"line":18,"column":25},"end":{"line":18,"column":66}},"line":18},"2":{"name":"(anonymous_2)","decl":{"start":{"line":22,"column":12},"end":{"line":22,"column":13}},"loc":{"start":{"line":22,"column":22},"end":{"line":22,"column":52}},"line":22},"3":{"name":"(anonymous_3)","decl":{"start":{"line":26,"column":12},"end":{"line":26,"column":13}},"loc":{"start":{"line":26,"column":22},"end":{"line":26,"column":51}},"line":26},"4":{"name":"(anonymous_4)","decl":{"start":{"line":30,"column":12},"end":{"line":30,"column":13}},"loc":{"start":{"line":30,"column":22},"end":{"line":30,"column":52}},"line":30},"5":{"name":"(anonymous_5)","decl":{"start":{"line":33,"column":118},"end":{"line":33,"column":119}},"loc":{"start":{"line":33,"column":128},"end":{"line":37,"column":9}},"line":33},"6":{"name":"(anonymous_6)","decl":{"start":{"line":40,"column":118},"end":{"line":40,"column":119}},"loc":{"start":{"line":40,"column":128},"end":{"line":44,"column":9}},"line":40}},"branchMap":{"0":{"loc":{"start":{"line":9,"column":8},"end":{"line":9,"column":null}},"type":"if","locations":[{"start":{"line":9,"column":8},"end":{"line":9,"column":null}},{"start":{},"end":{}}],"line":9},"1":{"loc":{"start":{"line":9,"column":12},"end":{"line":9,"column":48}},"type":"binary-expr","locations":[{"start":{"line":9,"column":12},"end":{"line":9,"column":25}},{"start":{"line":9,"column":25},"end":{"line":9,"column":48}}],"line":9},"2":{"loc":{"start":{"line":18,"column":41},"end":{"line":18,"column":48}},"type":"binary-expr","locations":[{"start":{"line":18,"column":41},"end":{"line":18,"column":46}},{"start":{"line":18,"column":46},"end":{"line":18,"column":48}}],"line":18},"3":{"loc":{"start":{"line":35,"column":12},"end":{"line":35,"column":null}},"type":"if","locations":[{"start":{"line":35,"column":12},"end":{"line":35,"column":null}},{"start":{},"end":{}}],"line":35},"4":{"loc":{"start":{"line":42,"column":12},"end":{"line":42,"column":null}},"type":"if","locations":[{"start":{"line":42,"column":12},"end":{"line":42,"column":null}},{"start":{},"end":{}}],"line":42}},"s":{"0":11,"1":0,"2":11,"3":11,"4":11,"5":0,"6":11,"7":3,"8":11,"9":0,"10":11,"11":0,"12":11,"13":5,"14":5,"15":0,"16":5,"17":11,"18":1,"19":1,"20":0,"21":1,"22":11},"f":{"0":2,"1":0,"2":3,"3":0,"4":0,"5":5,"6":1},"b":{"0":[0,11],"1":[11,11],"2":[0,0],"3":[0,5],"4":[0,1]},"meta":{"lastBranch":5,"lastFunction":7,"lastStatement":23,"seen":{"f:8:11:8:36":0,"b:9:8:9:Infinity:undefined:undefined:undefined:undefined":0,"s:9:8:9:Infinity":0,"b:9:12:9:25:9:25:9:48":1,"s:9:48:9:Infinity":1,"s:10:21:10:Infinity":2,"s:14:29:14:Infinity":3,"s:17:8:18:Infinity":4,"f:18:12:18:13":1,"s:18:25:18:66":5,"b:18:41:18:46:18:46:18:48":2,"s:21:8:22:Infinity":6,"f:22:12:22:13":2,"s:22:22:22:52":7,"s:25:8:26:Infinity":8,"f:26:12:26:13":3,"s:26:22:26:51":9,"s:29:8:30:Infinity":10,"f:30:12:30:13":4,"s:30:22:30:52":11,"s:33:8:37:Infinity":12,"f:33:118:33:119":5,"s:34:27:34:Infinity":13,"b:35:12:35:Infinity:undefined:undefined:undefined:undefined":3,"s:35:12:35:Infinity":14,"s:35:117:35:Infinity":15,"s:36:12:36:Infinity":16,"s:40:8:44:Infinity":17,"f:40:118:40:119":6,"s:41:27:41:Infinity":18,"b:42:12:42:Infinity:undefined:undefined:undefined:undefined":4,"s:42:12:42:Infinity":19,"s:42:117:42:Infinity":20,"s:43:12:43:Infinity":21,"s:46:8:46:Infinity":22}}}
,"/home/diego/Documentos/projects/obsidian-sql/src/utils/constants.ts": {"path":"/home/diego/Documentos/projects/obsidian-sql/src/utils/constants.ts","statementMap":{"0":{"start":{"line":3,"column":47},"end":{"line":14,"column":null}},"1":{"start":{"line":16,"column":36},"end":{"line":28,"column":null}},"2":{"start":{"line":30,"column":32},"end":{"line":30,"column":null}}},"fnMap":{},"branchMap":{},"s":{"0":2,"1":2,"2":2},"f":{},"b":{},"meta":{"lastBranch":0,"lastFunction":0,"lastStatement":3,"seen":{"s:3:47:14:Infinity":0,"s:16:36:28:Infinity":1,"s:30:32:30:Infinity":2}}}
}
